RUN	com.gatlingTest.GetAllCategories	getallcategories	1640354833716	 	3.6.1
USER	GetAllCategories	START	1640354840197
USER	GetAllCategories	START	1640354840197
REQUEST		request_0	1640354840240	1640354840767	OK	 
USER	GetAllCategories	END	1640354840800
REQUEST		request_0	1640354840240	1640354840951	OK	 
USER	GetAllCategories	END	1640354840952
USER	GetAllCategories	START	1640354841191
REQUEST		request_0	1640354841192	1640354841646	OK	 
USER	GetAllCategories	END	1640354841647
USER	GetAllCategories	START	1640354842192
REQUEST		request_0	1640354842193	1640354842645	OK	 
USER	GetAllCategories	END	1640354842646
USER	GetAllCategories	START	1640354844206
REQUEST		request_0	1640354844206	1640354844812	OK	 
USER	GetAllCategories	END	1640354844813
USER	GetAllCategories	START	1640354845192
REQUEST		request_0	1640354845193	1640354845816	OK	 
USER	GetAllCategories	END	1640354845817
USER	GetAllCategories	START	1640354846192
REQUEST		request_0	1640354846193	1640354846651	OK	 
USER	GetAllCategories	END	1640354846653
USER	GetAllCategories	START	1640354848191
REQUEST		request_0	1640354848192	1640354848830	OK	 
USER	GetAllCategories	END	1640354848831
USER	GetAllCategories	START	1640354849194
REQUEST		request_0	1640354849195	1640354849756	OK	 
USER	GetAllCategories	END	1640354849760
USER	GetAllCategories	START	1640354850192
REQUEST		request_0	1640354850192	1640354850981	OK	 
USER	GetAllCategories	END	1640354850983
USER	GetAllCategories	START	1640354852191
REQUEST		request_0	1640354852192	1640354852646	OK	 
USER	GetAllCategories	END	1640354852648
USER	GetAllCategories	START	1640354853191
REQUEST		request_0	1640354853192	1640354853955	OK	 
USER	GetAllCategories	END	1640354853956
USER	GetAllCategories	START	1640354854193
REQUEST		request_0	1640354854198	1640354854668	OK	 
USER	GetAllCategories	END	1640354854669
USER	GetAllCategories	START	1640354856191
REQUEST		request_0	1640354856192	1640354856730	OK	 
USER	GetAllCategories	END	1640354856731
USER	GetAllCategories	START	1640354857204
REQUEST		request_0	1640354857204	1640354857771	OK	 
USER	GetAllCategories	END	1640354857772
USER	GetAllCategories	START	1640354858192
REQUEST		request_0	1640354858192	1640354858535	OK	 
USER	GetAllCategories	END	1640354858537
USER	GetAllCategories	START	1640354860192
REQUEST		request_0	1640354860192	1640354860768	OK	 
USER	GetAllCategories	END	1640354860770
USER	GetAllCategories	START	1640354861191
REQUEST		request_0	1640354861192	1640354861723	OK	 
USER	GetAllCategories	END	1640354861725
USER	GetAllCategories	START	1640354862201
REQUEST		request_0	1640354862202	1640354862849	OK	 
USER	GetAllCategories	END	1640354862850
USER	GetAllCategories	START	1640354864191
REQUEST		request_0	1640354864192	1640354864622	OK	 
USER	GetAllCategories	END	1640354864624
USER	GetAllCategories	START	1640354865191
REQUEST		request_0	1640354865192	1640354865642	OK	 
USER	GetAllCategories	END	1640354865644
USER	GetAllCategories	START	1640354866192
REQUEST		request_0	1640354866192	1640354866707	OK	 
USER	GetAllCategories	END	1640354866709
USER	GetAllCategories	START	1640354868192
REQUEST		request_0	1640354868193	1640354868737	OK	 
USER	GetAllCategories	END	1640354868738
USER	GetAllCategories	START	1640354869193
REQUEST		request_0	1640354869193	1640354869650	OK	 
USER	GetAllCategories	END	1640354869651
USER	GetAllCategories	START	1640354870191
REQUEST		request_0	1640354870192	1640354870620	OK	 
USER	GetAllCategories	END	1640354870621
USER	GetAllCategories	START	1640354872192
REQUEST		request_0	1640354872192	1640354872807	OK	 
USER	GetAllCategories	END	1640354872807
USER	GetAllCategories	START	1640354873191
REQUEST		request_0	1640354873192	1640354873834	OK	 
USER	GetAllCategories	END	1640354873835
USER	GetAllCategories	START	1640354874192
REQUEST		request_0	1640354874192	1640354874618	OK	 
USER	GetAllCategories	END	1640354874619
USER	GetAllCategories	START	1640354876192
REQUEST		request_0	1640354876193	1640354876649	OK	 
USER	GetAllCategories	END	1640354876650
USER	GetAllCategories	START	1640354877191
REQUEST		request_0	1640354877192	1640354877656	OK	 
USER	GetAllCategories	END	1640354877657
USER	GetAllCategories	START	1640354878191
REQUEST		request_0	1640354878192	1640354878721	OK	 
USER	GetAllCategories	END	1640354878723
USER	GetAllCategories	START	1640354880192
USER	GetAllCategories	START	1640354880242
USER	GetAllCategories	START	1640354880291
USER	GetAllCategories	START	1640354880341
USER	GetAllCategories	START	1640354880392
USER	GetAllCategories	START	1640354880442
USER	GetAllCategories	START	1640354880493
USER	GetAllCategories	START	1640354880541
USER	GetAllCategories	START	1640354880592
USER	GetAllCategories	START	1640354880643
REQUEST		request_0	1640354880243	1640354880664	OK	 
USER	GetAllCategories	END	1640354880667
REQUEST		request_0	1640354880342	1640354880677	OK	 
USER	GetAllCategories	END	1640354880679
USER	GetAllCategories	START	1640354880693
USER	GetAllCategories	START	1640354880742
USER	GetAllCategories	START	1640354880792
REQUEST		request_0	1640354880193	1640354880811	OK	 
USER	GetAllCategories	END	1640354880812
REQUEST		request_0	1640354880393	1640354880834	OK	 
USER	GetAllCategories	END	1640354880836
USER	GetAllCategories	START	1640354880844
REQUEST		request_0	1640354880292	1640354880847	OK	 
USER	GetAllCategories	END	1640354880849
USER	GetAllCategories	START	1640354880893
USER	GetAllCategories	START	1640354880942
REQUEST		request_0	1640354880542	1640354880976	OK	 
USER	GetAllCategories	END	1640354880977
USER	GetAllCategories	START	1640354880992
REQUEST		request_0	1640354880443	1640354881021	OK	 
USER	GetAllCategories	END	1640354881022
USER	GetAllCategories	START	1640354881042
USER	GetAllCategories	START	1640354881093
REQUEST		request_0	1640354880693	1640354881127	OK	 
USER	GetAllCategories	END	1640354881131
USER	GetAllCategories	START	1640354881142
REQUEST		request_0	1640354880494	1640354881188	OK	 
USER	GetAllCategories	END	1640354881189
REQUEST		request_0	1640354880593	1640354881191	OK	 
USER	GetAllCategories	END	1640354881192
USER	GetAllCategories	START	1640354881193
REQUEST		request_0	1640354880893	1640354881213	OK	 
USER	GetAllCategories	END	1640354881214
REQUEST		request_0	1640354880793	1640354881218	OK	 
USER	GetAllCategories	END	1640354881219
USER	GetAllCategories	START	1640354881241
USER	GetAllCategories	START	1640354881292
REQUEST		request_0	1640354880993	1640354881316	OK	 
USER	GetAllCategories	END	1640354881318
USER	GetAllCategories	START	1640354881342
REQUEST		request_0	1640354880943	1640354881386	OK	 
USER	GetAllCategories	END	1640354881387
USER	GetAllCategories	START	1640354881392
REQUEST		request_0	1640354880844	1640354881429	OK	 
USER	GetAllCategories	END	1640354881430
USER	GetAllCategories	START	1640354881442
REQUEST		request_0	1640354880743	1640354881468	OK	 
USER	GetAllCategories	END	1640354881469
REQUEST		request_0	1640354880643	1640354881485	OK	 
REQUEST		request_0	1640354881043	1640354881486	OK	 
USER	GetAllCategories	END	1640354881486
USER	GetAllCategories	END	1640354881487
USER	GetAllCategories	START	1640354881492
USER	GetAllCategories	START	1640354881543
USER	GetAllCategories	START	1640354881592
USER	GetAllCategories	START	1640354881642
REQUEST		request_0	1640354881094	1640354881657	OK	 
REQUEST		request_0	1640354881194	1640354881658	OK	 
USER	GetAllCategories	END	1640354881658
USER	GetAllCategories	END	1640354881659
REQUEST		request_0	1640354881343	1640354881671	OK	 
USER	GetAllCategories	END	1640354881672
USER	GetAllCategories	START	1640354881692
USER	GetAllCategories	START	1640354881743
REQUEST		request_0	1640354881142	1640354881760	OK	 
USER	GetAllCategories	END	1640354881763
REQUEST		request_0	1640354881442	1640354881775	OK	 
USER	GetAllCategories	END	1640354881776
USER	GetAllCategories	START	1640354881793
REQUEST		request_0	1640354881392	1640354881809	OK	 
USER	GetAllCategories	END	1640354881810
USER	GetAllCategories	START	1640354881842
REQUEST		request_0	1640354881544	1640354881861	OK	 
USER	GetAllCategories	END	1640354881862
USER	GetAllCategories	START	1640354881893
USER	GetAllCategories	START	1640354881942
USER	GetAllCategories	START	1640354881993
REQUEST		request_0	1640354881493	1640354882014	OK	 
USER	GetAllCategories	END	1640354882015
REQUEST		request_0	1640354881292	1640354882017	OK	 
USER	GetAllCategories	END	1640354882018
REQUEST		request_0	1640354881241	1640354882025	OK	 
USER	GetAllCategories	END	1640354882026
REQUEST		request_0	1640354881592	1640354882035	OK	 
USER	GetAllCategories	END	1640354882036
USER	GetAllCategories	START	1640354882043
USER	GetAllCategories	START	1640354882092
REQUEST		request_0	1640354881793	1640354882110	OK	 
USER	GetAllCategories	END	1640354882111
REQUEST		request_0	1640354881692	1640354882132	OK	 
USER	GetAllCategories	END	1640354882134
USER	GetAllCategories	START	1640354882142
REQUEST		request_0	1640354881842	1640354882161	OK	 
USER	GetAllCategories	END	1640354882165
USER	GetAllCategories	START	1640354882193
USER	GetAllCategories	START	1640354882242
REQUEST		request_0	1640354881642	1640354882259	OK	 
USER	GetAllCategories	END	1640354882260
REQUEST		request_0	1640354881942	1640354882270	OK	 
USER	GetAllCategories	END	1640354882270
USER	GetAllCategories	START	1640354882292
REQUEST		request_0	1640354881993	1640354882311	OK	 
USER	GetAllCategories	END	1640354882313
USER	GetAllCategories	START	1640354882342
USER	GetAllCategories	START	1640354882392
REQUEST		request_0	1640354882092	1640354882415	OK	 
USER	GetAllCategories	END	1640354882416
USER	GetAllCategories	START	1640354882441
REQUEST		request_0	1640354881893	1640354882443	OK	 
USER	GetAllCategories	END	1640354882444
REQUEST		request_0	1640354881744	1640354882456	OK	 
USER	GetAllCategories	END	1640354882456
REQUEST		request_0	1640354882043	1640354882491	OK	 
USER	GetAllCategories	END	1640354882492
USER	GetAllCategories	START	1640354882492
USER	GetAllCategories	START	1640354882542
REQUEST		request_0	1640354882142	1640354882549	OK	 
USER	GetAllCategories	END	1640354882551
REQUEST		request_0	1640354882193	1640354882592	OK	 
USER	GetAllCategories	END	1640354882593
USER	GetAllCategories	START	1640354882593
REQUEST		request_0	1640354882293	1640354882614	OK	 
USER	GetAllCategories	END	1640354882616
USER	GetAllCategories	START	1640354882642
REQUEST		request_0	1640354882242	1640354882683	OK	 
USER	GetAllCategories	END	1640354882684
USER	GetAllCategories	START	1640354882692
USER	GetAllCategories	START	1640354882742
REQUEST		request_0	1640354882343	1640354882780	OK	 
USER	GetAllCategories	END	1640354882781
REQUEST		request_0	1640354882393	1640354882792	OK	 
USER	GetAllCategories	START	1640354882791
USER	GetAllCategories	END	1640354882793
USER	GetAllCategories	START	1640354882841
REQUEST		request_0	1640354882442	1640354882883	OK	 
USER	GetAllCategories	END	1640354882885
USER	GetAllCategories	START	1640354882891
USER	GetAllCategories	START	1640354882941
USER	GetAllCategories	START	1640354882993
REQUEST		request_0	1640354882543	1640354882994	OK	 
USER	GetAllCategories	END	1640354882998
REQUEST		request_0	1640354882692	1640354883017	OK	 
USER	GetAllCategories	END	1640354883018
USER	GetAllCategories	START	1640354883041
USER	GetAllCategories	START	1640354883091
REQUEST		request_0	1640354882792	1640354883117	OK	 
USER	GetAllCategories	END	1640354883118
REQUEST		request_0	1640354882492	1640354883138	OK	 
USER	GetAllCategories	END	1640354883139
USER	GetAllCategories	START	1640354883141
REQUEST		request_0	1640354882593	1640354883180	OK	 
USER	GetAllCategories	END	1640354883181
USER	GetAllCategories	START	1640354883192
REQUEST		request_0	1640354882892	1640354883216	OK	 
USER	GetAllCategories	END	1640354883218
REQUEST		request_0	1640354882842	1640354883219	OK	 
USER	GetAllCategories	END	1640354883220
REQUEST		request_0	1640354882743	1640354883228	OK	 
USER	GetAllCategories	END	1640354883231
USER	GetAllCategories	START	1640354883241
REQUEST		request_0	1640354882942	1640354883292	OK	 
USER	GetAllCategories	START	1640354883292
USER	GetAllCategories	END	1640354883294
USER	GetAllCategories	START	1640354883341
REQUEST		request_0	1640354882993	1640354883372	OK	 
USER	GetAllCategories	END	1640354883373
USER	GetAllCategories	START	1640354883391
USER	GetAllCategories	START	1640354883442
REQUEST		request_0	1640354882643	1640354883444	OK	 
USER	GetAllCategories	END	1640354883445
USER	GetAllCategories	START	1640354883491
USER	GetAllCategories	START	1640354883542
REQUEST		request_0	1640354883242	1640354883553	OK	 
USER	GetAllCategories	END	1640354883554
USER	GetAllCategories	START	1640354883593
REQUEST		request_0	1640354883092	1640354883599	OK	 
USER	GetAllCategories	END	1640354883601
REQUEST		request_0	1640354883292	1640354883617	OK	 
USER	GetAllCategories	END	1640354883618
REQUEST		request_0	1640354883042	1640354883643	OK	 
USER	GetAllCategories	START	1640354883642
USER	GetAllCategories	END	1640354883646
USER	GetAllCategories	START	1640354883691
REQUEST		request_0	1640354883193	1640354883725	OK	 
USER	GetAllCategories	END	1640354883727
REQUEST		request_0	1640354883342	1640354883741	OK	 
USER	GetAllCategories	END	1640354883743
USER	GetAllCategories	START	1640354883742
REQUEST		request_0	1640354883392	1640354883764	OK	 
USER	GetAllCategories	END	1640354883765
REQUEST		request_0	1640354883142	1640354883782	OK	 
USER	GetAllCategories	END	1640354883783
USER	GetAllCategories	START	1640354883792
REQUEST		request_0	1640354883492	1640354883810	OK	 
USER	GetAllCategories	END	1640354883812
USER	GetAllCategories	START	1640354883842
USER	GetAllCategories	START	1640354883893
REQUEST		request_0	1640354883442	1640354883919	OK	 
USER	GetAllCategories	END	1640354883922
REQUEST		request_0	1640354883593	1640354883928	OK	 
USER	GetAllCategories	END	1640354883931
USER	GetAllCategories	START	1640354883942
USER	GetAllCategories	START	1640354883992
USER	GetAllCategories	START	1640354884042
REQUEST		request_0	1640354883643	1640354884059	OK	 
USER	GetAllCategories	END	1640354884061
REQUEST		request_0	1640354883542	1640354884077	OK	 
USER	GetAllCategories	END	1640354884079
REQUEST		request_0	1640354883743	1640354884080	OK	 
USER	GetAllCategories	END	1640354884081
USER	GetAllCategories	START	1640354884093
USER	GetAllCategories	START	1640354884142
REQUEST		request_0	1640354883843	1640354884151	OK	 
USER	GetAllCategories	END	1640354884152
USER	GetAllCategories	START	1640354884192
REQUEST		request_0	1640354883692	1640354884227	OK	 
USER	GetAllCategories	END	1640354884228
USER	GetAllCategories	START	1640354884242
REQUEST		request_0	1640354883792	1640354884248	OK	 
USER	GetAllCategories	END	1640354884249
REQUEST		request_0	1640354883942	1640354884279	OK	 
USER	GetAllCategories	END	1640354884279
USER	GetAllCategories	START	1640354884291
REQUEST		request_0	1640354883992	1640354884332	OK	 
REQUEST		request_0	1640354883894	1640354884332	OK	 
USER	GetAllCategories	END	1640354884335
USER	GetAllCategories	END	1640354884335
USER	GetAllCategories	START	1640354884341
REQUEST		request_0	1640354884043	1640354884383	OK	 
USER	GetAllCategories	END	1640354884383
USER	GetAllCategories	START	1640354884391
USER	GetAllCategories	START	1640354884442
REQUEST		request_0	1640354884142	1640354884469	OK	 
USER	GetAllCategories	END	1640354884470
USER	GetAllCategories	START	1640354884492
REQUEST		request_0	1640354884094	1640354884499	OK	 
USER	GetAllCategories	END	1640354884500
USER	GetAllCategories	START	1640354884542
USER	GetAllCategories	START	1640354884592
REQUEST		request_0	1640354884242	1640354884622	OK	 
REQUEST		request_0	1640354884291	1640354884622	OK	 
USER	GetAllCategories	END	1640354884623
USER	GetAllCategories	END	1640354884623
USER	GetAllCategories	START	1640354884641
REQUEST		request_0	1640354884192	1640354884671	OK	 
USER	GetAllCategories	END	1640354884672
USER	GetAllCategories	START	1640354884692
REQUEST		request_0	1640354884392	1640354884713	OK	 
USER	GetAllCategories	END	1640354884714
USER	GetAllCategories	START	1640354884742
REQUEST		request_0	1640354884342	1640354884778	OK	 
USER	GetAllCategories	END	1640354884779
USER	GetAllCategories	START	1640354884792
USER	GetAllCategories	START	1640354884841
REQUEST		request_0	1640354884543	1640354884861	OK	 
USER	GetAllCategories	END	1640354884862
REQUEST		request_0	1640354884442	1640354884886	OK	 
USER	GetAllCategories	END	1640354884888
USER	GetAllCategories	START	1640354884892
REQUEST		request_0	1640354884492	1640354884925	OK	 
USER	GetAllCategories	END	1640354884927
USER	GetAllCategories	START	1640354884942
REQUEST		request_0	1640354884592	1640354884964	OK	 
USER	GetAllCategories	END	1640354884966
USER	GetAllCategories	START	1640354884992
REQUEST		request_0	1640354884693	1640354885037	OK	 
REQUEST		request_0	1640354884642	1640354885037	OK	 
USER	GetAllCategories	END	1640354885038
USER	GetAllCategories	END	1640354885039
USER	GetAllCategories	START	1640354885042
REQUEST		request_0	1640354884743	1640354885051	OK	 
USER	GetAllCategories	END	1640354885052
USER	GetAllCategories	START	1640354885091
USER	GetAllCategories	START	1640354885141
REQUEST		request_0	1640354884792	1640354885148	OK	 
USER	GetAllCategories	END	1640354885149
REQUEST		request_0	1640354884841	1640354885152	OK	 
USER	GetAllCategories	END	1640354885153
USER	GetAllCategories	START	1640354885191
REQUEST		request_0	1640354884893	1640354885223	OK	 
USER	GetAllCategories	END	1640354885225
USER	GetAllCategories	START	1640354885242
REQUEST		request_0	1640354884943	1640354885259	OK	 
USER	GetAllCategories	END	1640354885260
USER	GetAllCategories	START	1640354885292
USER	GetAllCategories	START	1640354885342
REQUEST		request_0	1640354885043	1640354885360	OK	 
USER	GetAllCategories	END	1640354885363
USER	GetAllCategories	START	1640354885392
REQUEST		request_0	1640354884993	1640354885437	OK	 
USER	GetAllCategories	END	1640354885440
USER	GetAllCategories	START	1640354885442
USER	GetAllCategories	START	1640354885492
USER	GetAllCategories	START	1640354885542
REQUEST		request_0	1640354885092	1640354885558	OK	 
USER	GetAllCategories	END	1640354885560
USER	GetAllCategories	START	1640354885592
REQUEST		request_0	1640354885192	1640354885640	OK	 
USER	GetAllCategories	END	1640354885641
USER	GetAllCategories	START	1640354885642
REQUEST		request_0	1640354885142	1640354885645	OK	 
USER	GetAllCategories	END	1640354885646
REQUEST		request_0	1640354885242	1640354885661	OK	 
USER	GetAllCategories	END	1640354885664
USER	GetAllCategories	START	1640354885692
USER	GetAllCategories	START	1640354885742
USER	GetAllCategories	START	1640354885791
REQUEST		request_0	1640354885493	1640354885811	OK	 
USER	GetAllCategories	END	1640354885812
USER	GetAllCategories	START	1640354885841
USER	GetAllCategories	START	1640354885892
USER	GetAllCategories	START	1640354885941
REQUEST		request_0	1640354885342	1640354885957	OK	 
REQUEST		request_0	1640354885292	1640354885959	OK	 
USER	GetAllCategories	END	1640354885959
USER	GetAllCategories	END	1640354885961
REQUEST		request_0	1640354885392	1640354885966	OK	 
USER	GetAllCategories	END	1640354885968
USER	GetAllCategories	START	1640354885991
REQUEST		request_0	1640354885692	1640354886005	OK	 
REQUEST		request_0	1640354885442	1640354886010	OK	 
USER	GetAllCategories	END	1640354886010
USER	GetAllCategories	END	1640354886012
USER	GetAllCategories	START	1640354886041
REQUEST		request_0	1640354885542	1640354886057	OK	 
USER	GetAllCategories	END	1640354886059
USER	GetAllCategories	START	1640354886092
REQUEST		request_0	1640354885742	1640354886113	OK	 
USER	GetAllCategories	END	1640354886114
USER	GetAllCategories	START	1640354886142
REQUEST		request_0	1640354885592	1640354886153	OK	 
REQUEST		request_0	1640354885792	1640354886155	OK	 
USER	GetAllCategories	END	1640354886158
USER	GetAllCategories	END	1640354886159
REQUEST		request_0	1640354885842	1640354886176	OK	 
USER	GetAllCategories	END	1640354886178
USER	GetAllCategories	START	1640354886191
USER	GetAllCategories	START	1640354886240
REQUEST		request_0	1640354885942	1640354886264	OK	 
USER	GetAllCategories	END	1640354886265
REQUEST		request_0	1640354885642	1640354886269	OK	 
USER	GetAllCategories	END	1640354886270
USER	GetAllCategories	START	1640354886290
REQUEST		request_0	1640354885992	1640354886318	OK	 
USER	GetAllCategories	END	1640354886319
USER	GetAllCategories	START	1640354886341
REQUEST		request_0	1640354885892	1640354886359	OK	 
USER	GetAllCategories	END	1640354886360
USER	GetAllCategories	START	1640354886392
REQUEST		request_0	1640354886092	1640354886421	OK	 
USER	GetAllCategories	END	1640354886426
USER	GetAllCategories	START	1640354886442
REQUEST		request_0	1640354886143	1640354886476	OK	 
USER	GetAllCategories	END	1640354886478
USER	GetAllCategories	START	1640354886492
USER	GetAllCategories	START	1640354886542
USER	GetAllCategories	START	1640354886592
REQUEST		request_0	1640354886042	1640354886644	OK	 
USER	GetAllCategories	START	1640354886643
USER	GetAllCategories	END	1640354886645
REQUEST		request_0	1640354886192	1640354886647	OK	 
USER	GetAllCategories	END	1640354886648
REQUEST		request_0	1640354886342	1640354886676	OK	 
USER	GetAllCategories	END	1640354886677
REQUEST		request_0	1640354886291	1640354886691	OK	 
USER	GetAllCategories	END	1640354886692
USER	GetAllCategories	START	1640354886692
REQUEST		request_0	1640354886240	1640354886708	OK	 
USER	GetAllCategories	END	1640354886710
USER	GetAllCategories	START	1640354886742
USER	GetAllCategories	START	1640354886791
REQUEST		request_0	1640354886493	1640354886798	OK	 
USER	GetAllCategories	END	1640354886799
USER	GetAllCategories	START	1640354886841
REQUEST		request_0	1640354886443	1640354886849	OK	 
USER	GetAllCategories	END	1640354886850
REQUEST		request_0	1640354886393	1640354886876	OK	 
USER	GetAllCategories	END	1640354886876
USER	GetAllCategories	START	1640354886892
USER	GetAllCategories	START	1640354886942
USER	GetAllCategories	START	1640354886991
REQUEST		request_0	1640354886692	1640354887030	OK	 
USER	GetAllCategories	END	1640354887032
REQUEST		request_0	1640354886542	1640354887035	OK	 
USER	GetAllCategories	END	1640354887038
USER	GetAllCategories	START	1640354887041
USER	GetAllCategories	START	1640354887091
USER	GetAllCategories	START	1640354887141
REQUEST		request_0	1640354886643	1640354887143	OK	 
USER	GetAllCategories	END	1640354887144
REQUEST		request_0	1640354886592	1640354887149	OK	 
USER	GetAllCategories	END	1640354887150
REQUEST		request_0	1640354886791	1640354887168	OK	 
USER	GetAllCategories	END	1640354887169
USER	GetAllCategories	START	1640354887191
USER	GetAllCategories	START	1640354887242
REQUEST		request_0	1640354886742	1640354887283	OK	 
USER	GetAllCategories	END	1640354887284
USER	GetAllCategories	START	1640354887292
REQUEST		request_0	1640354886841	1640354887327	OK	 
USER	GetAllCategories	END	1640354887328
REQUEST		request_0	1640354886892	1640354887332	OK	 
USER	GetAllCategories	END	1640354887333
USER	GetAllCategories	START	1640354887341
REQUEST		request_0	1640354887042	1640354887364	OK	 
USER	GetAllCategories	END	1640354887366
REQUEST		request_0	1640354886942	1640354887382	OK	 
USER	GetAllCategories	END	1640354887383
USER	GetAllCategories	START	1640354887392
REQUEST		request_0	1640354886991	1640354887429	OK	 
USER	GetAllCategories	END	1640354887431
REQUEST		request_0	1640354887092	1640354887432	OK	 
USER	GetAllCategories	END	1640354887433
USER	GetAllCategories	START	1640354887442
REQUEST		request_0	1640354887141	1640354887453	OK	 
USER	GetAllCategories	END	1640354887458
USER	GetAllCategories	START	1640354887491
USER	GetAllCategories	START	1640354887542
REQUEST		request_0	1640354887191	1640354887546	OK	 
USER	GetAllCategories	END	1640354887547
REQUEST		request_0	1640354887243	1640354887566	OK	 
USER	GetAllCategories	END	1640354887567
USER	GetAllCategories	START	1640354887591
USER	GetAllCategories	START	1640354887642
REQUEST		request_0	1640354887292	1640354887679	OK	 
USER	GetAllCategories	END	1640354887681
USER	GetAllCategories	START	1640354887691
REQUEST		request_0	1640354887392	1640354887719	OK	 
USER	GetAllCategories	END	1640354887720
USER	GetAllCategories	START	1640354887741
REQUEST		request_0	1640354887442	1640354887746	OK	 
USER	GetAllCategories	END	1640354887747
REQUEST		request_0	1640354887341	1640354887766	OK	 
USER	GetAllCategories	END	1640354887767
USER	GetAllCategories	START	1640354887791
REQUEST		request_0	1640354887492	1640354887819	OK	 
USER	GetAllCategories	END	1640354887820
USER	GetAllCategories	START	1640354887842
REQUEST		request_0	1640354887542	1640354887866	OK	 
USER	GetAllCategories	END	1640354887867
USER	GetAllCategories	START	1640354887892
USER	GetAllCategories	START	1640354887942
USER	GetAllCategories	START	1640354887992
REQUEST		request_0	1640354887591	1640354888026	OK	 
USER	GetAllCategories	END	1640354888027
USER	GetAllCategories	START	1640354888041
REQUEST		request_0	1640354887642	1640354888044	OK	 
USER	GetAllCategories	END	1640354888046
USER	GetAllCategories	START	1640354888092
REQUEST		request_0	1640354887741	1640354888102	OK	 
USER	GetAllCategories	END	1640354888105
USER	GetAllCategories	START	1640354888142
REQUEST		request_0	1640354887791	1640354888143	OK	 
USER	GetAllCategories	END	1640354888145
REQUEST		request_0	1640354887691	1640354888145	OK	 
USER	GetAllCategories	END	1640354888146
USER	GetAllCategories	START	1640354888191
REQUEST		request_0	1640354887892	1640354888219	OK	 
USER	GetAllCategories	END	1640354888220
USER	GetAllCategories	START	1640354888243
REQUEST		request_0	1640354887942	1640354888259	OK	 
USER	GetAllCategories	END	1640354888260
USER	GetAllCategories	START	1640354888293
USER	GetAllCategories	START	1640354888342
REQUEST		request_0	1640354888042	1640354888373	OK	 
USER	GetAllCategories	END	1640354888375
USER	GetAllCategories	START	1640354888392
REQUEST		request_0	1640354887842	1640354888415	OK	 
USER	GetAllCategories	END	1640354888416
USER	GetAllCategories	START	1640354888442
REQUEST		request_0	1640354888143	1640354888460	OK	 
USER	GetAllCategories	END	1640354888462
USER	GetAllCategories	START	1640354888492
USER	GetAllCategories	START	1640354888542
REQUEST		request_0	1640354888092	1640354888544	OK	 
USER	GetAllCategories	END	1640354888546
REQUEST		request_0	1640354887992	1640354888548	OK	 
USER	GetAllCategories	END	1640354888549
USER	GetAllCategories	START	1640354888592
USER	GetAllCategories	START	1640354888641
USER	GetAllCategories	START	1640354888692
USER	GetAllCategories	START	1640354888743
USER	GetAllCategories	START	1640354888792
REQUEST		request_0	1640354888342	1640354888800	OK	 
USER	GetAllCategories	END	1640354888802
REQUEST		request_0	1640354888192	1640354888820	OK	 
USER	GetAllCategories	END	1640354888821
REQUEST		request_0	1640354888392	1640354888821	OK	 
USER	GetAllCategories	END	1640354888822
USER	GetAllCategories	START	1640354888842
REQUEST		request_0	1640354888243	1640354888846	OK	 
USER	GetAllCategories	END	1640354888847
REQUEST		request_0	1640354888293	1640354888853	OK	 
USER	GetAllCategories	END	1640354888854
REQUEST		request_0	1640354888443	1640354888869	OK	 
USER	GetAllCategories	END	1640354888871
REQUEST		request_0	1640354888492	1640354888876	OK	 
USER	GetAllCategories	END	1640354888877
USER	GetAllCategories	START	1640354888892
REQUEST		request_0	1640354888592	1640354888922	OK	 
USER	GetAllCategories	END	1640354888925
USER	GetAllCategories	START	1640354888942
REQUEST		request_0	1640354888642	1640354888951	OK	 
USER	GetAllCategories	END	1640354888953
USER	GetAllCategories	START	1640354888992
USER	GetAllCategories	START	1640354889042
REQUEST		request_0	1640354888693	1640354889045	OK	 
USER	GetAllCategories	END	1640354889046
USER	GetAllCategories	START	1640354889092
REQUEST		request_0	1640354888792	1640354889117	OK	 
USER	GetAllCategories	END	1640354889118
USER	GetAllCategories	START	1640354889143
REQUEST		request_0	1640354888542	1640354889148	OK	 
USER	GetAllCategories	END	1640354889149
USER	GetAllCategories	START	1640354889192
REQUEST		request_0	1640354888892	1640354889208	OK	 
USER	GetAllCategories	END	1640354889209
USER	GetAllCategories	START	1640354889242
REQUEST		request_0	1640354888842	1640354889275	OK	 
USER	GetAllCategories	END	1640354889276
USER	GetAllCategories	START	1640354889292
USER	GetAllCategories	START	1640354889342
USER	GetAllCategories	START	1640354889391
REQUEST		request_0	1640354888942	1640354889395	OK	 
USER	GetAllCategories	END	1640354889398
REQUEST		request_0	1640354888744	1640354889399	OK	 
USER	GetAllCategories	END	1640354889399
REQUEST		request_0	1640354889092	1640354889401	OK	 
USER	GetAllCategories	END	1640354889402
USER	GetAllCategories	START	1640354889441
REQUEST		request_0	1640354889143	1640354889450	OK	 
USER	GetAllCategories	END	1640354889451
REQUEST		request_0	1640354888992	1640354889484	OK	 
USER	GetAllCategories	END	1640354889485
USER	GetAllCategories	START	1640354889492
REQUEST		request_0	1640354889192	1640354889518	OK	 
USER	GetAllCategories	END	1640354889519
USER	GetAllCategories	START	1640354889541
USER	GetAllCategories	START	1640354889591
REQUEST		request_0	1640354889292	1640354889613	OK	 
USER	GetAllCategories	END	1640354889614
USER	GetAllCategories	START	1640354889641
REQUEST		request_0	1640354889042	1640354889670	OK	 
USER	GetAllCategories	END	1640354889670
REQUEST		request_0	1640354889242	1640354889673	OK	 
USER	GetAllCategories	END	1640354889674
USER	GetAllCategories	START	1640354889692
USER	GetAllCategories	START	1640354889742
REQUEST		request_0	1640354889441	1640354889764	OK	 
USER	GetAllCategories	END	1640354889765
USER	GetAllCategories	START	1640354889792
USER	GetAllCategories	START	1640354889841
REQUEST		request_0	1640354889492	1640354889846	OK	 
USER	GetAllCategories	END	1640354889847
REQUEST		request_0	1640354889391	1640354889877	OK	 
USER	GetAllCategories	END	1640354889878
USER	GetAllCategories	START	1640354889891
REQUEST		request_0	1640354889591	1640354889940	OK	 
USER	GetAllCategories	END	1640354889943
USER	GetAllCategories	START	1640354889942
REQUEST		request_0	1640354889342	1640354889976	OK	 
USER	GetAllCategories	END	1640354889977
USER	GetAllCategories	START	1640354889991
REQUEST		request_0	1640354889641	1640354890015	OK	 
USER	GetAllCategories	END	1640354890016
REQUEST		request_0	1640354889542	1640354890032	OK	 
USER	GetAllCategories	END	1640354890033
USER	GetAllCategories	START	1640354890041
USER	GetAllCategories	START	1640354890092
USER	GetAllCategories	START	1640354890142
REQUEST		request_0	1640354889792	1640354890147	OK	 
USER	GetAllCategories	END	1640354890148
USER	GetAllCategories	START	1640354890192
REQUEST		request_0	1640354889692	1640354890199	OK	 
USER	GetAllCategories	END	1640354890201
REQUEST		request_0	1640354889742	1640354890233	OK	 
USER	GetAllCategories	END	1640354890236
USER	GetAllCategories	START	1640354890242
REQUEST		request_0	1640354889841	1640354890288	OK	 
USER	GetAllCategories	END	1640354890288
USER	GetAllCategories	START	1640354890292
REQUEST		request_0	1640354889891	1640354890300	OK	 
USER	GetAllCategories	END	1640354890301
USER	GetAllCategories	START	1640354890341
USER	GetAllCategories	START	1640354890391
USER	GetAllCategories	START	1640354890442
REQUEST		request_0	1640354889942	1640354890451	OK	 
USER	GetAllCategories	END	1640354890453
REQUEST		request_0	1640354889991	1640354890471	OK	 
USER	GetAllCategories	END	1640354890474
REQUEST		request_0	1640354890041	1640354890479	OK	 
USER	GetAllCategories	END	1640354890480
USER	GetAllCategories	START	1640354890491
USER	GetAllCategories	START	1640354890542
REQUEST		request_0	1640354890092	1640354890554	OK	 
USER	GetAllCategories	END	1640354890556
USER	GetAllCategories	START	1640354890591
REQUEST		request_0	1640354890292	1640354890605	OK	 
USER	GetAllCategories	END	1640354890608
USER	GetAllCategories	START	1640354890641
REQUEST		request_0	1640354890341	1640354890659	OK	 
USER	GetAllCategories	END	1640354890661
USER	GetAllCategories	START	1640354890691
REQUEST		request_0	1640354890392	1640354890712	OK	 
USER	GetAllCategories	END	1640354890713
REQUEST		request_0	1640354890242	1640354890741	OK	 
USER	GetAllCategories	START	1640354890741
USER	GetAllCategories	END	1640354890742
REQUEST		request_0	1640354890142	1640354890775	OK	 
USER	GetAllCategories	END	1640354890776
USER	GetAllCategories	START	1640354890791
REQUEST		request_0	1640354890443	1640354890798	OK	 
USER	GetAllCategories	END	1640354890799
REQUEST		request_0	1640354890192	1640354890808	OK	 
USER	GetAllCategories	END	1640354890808
USER	GetAllCategories	START	1640354890842
USER	GetAllCategories	START	1640354890891
REQUEST		request_0	1640354890542	1640354890938	OK	 
USER	GetAllCategories	END	1640354890938
USER	GetAllCategories	START	1640354890941
REQUEST		request_0	1640354890641	1640354890972	OK	 
USER	GetAllCategories	END	1640354890973
USER	GetAllCategories	START	1640354890991
USER	GetAllCategories	START	1640354891042
REQUEST		request_0	1640354890491	1640354891072	OK	 
USER	GetAllCategories	END	1640354891075
USER	GetAllCategories	START	1640354891091
REQUEST		request_0	1640354890591	1640354891136	OK	 
USER	GetAllCategories	END	1640354891137
REQUEST		request_0	1640354890691	1640354891140	OK	 
USER	GetAllCategories	END	1640354891141
USER	GetAllCategories	START	1640354891142
USER	GetAllCategories	START	1640354891192
USER	GetAllCategories	START	1640354891241
REQUEST		request_0	1640354890741	1640354891268	OK	 
USER	GetAllCategories	END	1640354891269
REQUEST		request_0	1640354890791	1640354891275	OK	 
USER	GetAllCategories	END	1640354891276
REQUEST		request_0	1640354890843	1640354891283	OK	 
USER	GetAllCategories	END	1640354891284
USER	GetAllCategories	START	1640354891292
REQUEST		request_0	1640354890941	1640354891309	OK	 
USER	GetAllCategories	END	1640354891310
USER	GetAllCategories	START	1640354891341
USER	GetAllCategories	START	1640354891391
REQUEST		request_0	1640354890891	1640354891426	OK	 
USER	GetAllCategories	END	1640354891426
REQUEST		request_0	1640354890992	1640354891430	OK	 
USER	GetAllCategories	END	1640354891431
REQUEST		request_0	1640354891043	1640354891435	OK	 
USER	GetAllCategories	END	1640354891438
USER	GetAllCategories	START	1640354891441
USER	GetAllCategories	START	1640354891492
USER	GetAllCategories	START	1640354891542
USER	GetAllCategories	START	1640354891592
REQUEST		request_0	1640354891091	1640354891603	OK	 
USER	GetAllCategories	END	1640354891605
REQUEST		request_0	1640354891193	1640354891618	OK	 
USER	GetAllCategories	END	1640354891621
USER	GetAllCategories	START	1640354891642
REQUEST		request_0	1640354891241	1640354891682	OK	 
USER	GetAllCategories	END	1640354891683
USER	GetAllCategories	START	1640354891692
REQUEST		request_0	1640354891292	1640354891715	OK	 
USER	GetAllCategories	END	1640354891716
REQUEST		request_0	1640354891392	1640354891744	OK	 
USER	GetAllCategories	START	1640354891744
USER	GetAllCategories	END	1640354891746
USER	GetAllCategories	START	1640354891793
REQUEST		request_0	1640354891492	1640354891806	OK	 
USER	GetAllCategories	END	1640354891809
REQUEST		request_0	1640354891341	1640354891838	OK	 
USER	GetAllCategories	END	1640354891839
USER	GetAllCategories	START	1640354891842
REQUEST		request_0	1640354891142	1640354891847	OK	 
USER	GetAllCategories	END	1640354891849
REQUEST		request_0	1640354891542	1640354891860	OK	 
USER	GetAllCategories	END	1640354891864
USER	GetAllCategories	START	1640354891894
REQUEST		request_0	1640354891442	1640354891913	OK	 
USER	GetAllCategories	END	1640354891914
USER	GetAllCategories	START	1640354891942
REQUEST		request_0	1640354891648	1640354891965	OK	 
USER	GetAllCategories	END	1640354891966
USER	GetAllCategories	START	1640354891992
USER	GetAllCategories	START	1640354892042
USER	GetAllCategories	START	1640354892092
REQUEST		request_0	1640354891745	1640354892098	OK	 
USER	GetAllCategories	END	1640354892099
REQUEST		request_0	1640354891592	1640354892126	OK	 
USER	GetAllCategories	END	1640354892126
USER	GetAllCategories	START	1640354892142
REQUEST		request_0	1640354891693	1640354892183	OK	 
USER	GetAllCategories	END	1640354892184
USER	GetAllCategories	START	1640354892192
USER	GetAllCategories	START	1640354892241
REQUEST		request_0	1640354891842	1640354892283	OK	 
USER	GetAllCategories	END	1640354892284
USER	GetAllCategories	START	1640354892292
REQUEST		request_0	1640354891793	1640354892314	OK	 
USER	GetAllCategories	END	1640354892314
USER	GetAllCategories	START	1640354892342
USER	GetAllCategories	START	1640354892392
REQUEST		request_0	1640354891942	1640354892411	OK	 
USER	GetAllCategories	END	1640354892412
REQUEST		request_0	1640354891894	1640354892415	OK	 
USER	GetAllCategories	END	1640354892416
REQUEST		request_0	1640354892093	1640354892422	OK	 
USER	GetAllCategories	END	1640354892422
REQUEST		request_0	1640354891992	1640354892433	OK	 
USER	GetAllCategories	END	1640354892434
USER	GetAllCategories	START	1640354892442
REQUEST		request_0	1640354892143	1640354892472	OK	 
USER	GetAllCategories	END	1640354892474
REQUEST		request_0	1640354892042	1640354892489	OK	 
USER	GetAllCategories	END	1640354892490
USER	GetAllCategories	START	1640354892493
USER	GetAllCategories	START	1640354892542
USER	GetAllCategories	START	1640354892592
REQUEST		request_0	1640354892293	1640354892608	OK	 
USER	GetAllCategories	END	1640354892609
REQUEST		request_0	1640354892193	1640354892611	OK	 
USER	GetAllCategories	END	1640354892611
USER	GetAllCategories	START	1640354892642
REQUEST		request_0	1640354892242	1640354892682	OK	 
USER	GetAllCategories	END	1640354892683
USER	GetAllCategories	START	1640354892692
REQUEST		request_0	1640354892343	1640354892733	OK	 
USER	GetAllCategories	END	1640354892734
USER	GetAllCategories	START	1640354892742
USER	GetAllCategories	START	1640354892792
REQUEST		request_0	1640354892442	1640354892830	OK	 
USER	GetAllCategories	END	1640354892831
REQUEST		request_0	1640354892494	1640354892833	OK	 
USER	GetAllCategories	END	1640354892833
USER	GetAllCategories	START	1640354892841
REQUEST		request_0	1640354892392	1640354892847	OK	 
USER	GetAllCategories	END	1640354892848
USER	GetAllCategories	START	1640354892892
USER	GetAllCategories	START	1640354892942
USER	GetAllCategories	START	1640354892991
USER	GetAllCategories	START	1640354893041
REQUEST		request_0	1640354892592	1640354893048	OK	 
USER	GetAllCategories	END	1640354893048
USER	GetAllCategories	START	1640354893091
REQUEST		request_0	1640354892693	1640354893109	OK	 
USER	GetAllCategories	END	1640354893110
REQUEST		request_0	1640354892742	1640354893114	OK	 
USER	GetAllCategories	END	1640354893115
REQUEST		request_0	1640354892643	1640354893133	OK	 
USER	GetAllCategories	END	1640354893135
USER	GetAllCategories	START	1640354893143
USER	GetAllCategories	START	1640354893193
USER	GetAllCategories	START	1640354893242
REQUEST		request_0	1640354892792	1640354893278	OK	 
USER	GetAllCategories	END	1640354893279
REQUEST		request_0	1640354892542	1640354893284	OK	 
USER	GetAllCategories	END	1640354893285
USER	GetAllCategories	START	1640354893292
REQUEST		request_0	1640354892841	1640354893303	OK	 
USER	GetAllCategories	END	1640354893304
USER	GetAllCategories	START	1640354893342
REQUEST		request_0	1640354892892	1640354893360	OK	 
USER	GetAllCategories	END	1640354893364
USER	GetAllCategories	START	1640354893392
REQUEST		request_0	1640354892991	1640354893400	OK	 
USER	GetAllCategories	END	1640354893400
USER	GetAllCategories	START	1640354893442
REQUEST		request_0	1640354893091	1640354893445	OK	 
USER	GetAllCategories	END	1640354893446
USER	GetAllCategories	START	1640354893492
REQUEST		request_0	1640354892942	1640354893516	OK	 
USER	GetAllCategories	END	1640354893517
USER	GetAllCategories	START	1640354893543
REQUEST		request_0	1640354893143	1640354893568	OK	 
USER	GetAllCategories	END	1640354893570
USER	GetAllCategories	START	1640354893593
REQUEST		request_0	1640354893042	1640354893597	OK	 
USER	GetAllCategories	END	1640354893599
REQUEST		request_0	1640354893193	1640354893643	OK	 
USER	GetAllCategories	START	1640354893643
USER	GetAllCategories	END	1640354893644
USER	GetAllCategories	START	1640354893694
REQUEST		request_0	1640354893242	1640354893707	OK	 
USER	GetAllCategories	END	1640354893708
USER	GetAllCategories	START	1640354893741
REQUEST		request_0	1640354893293	1640354893767	OK	 
USER	GetAllCategories	END	1640354893769
USER	GetAllCategories	START	1640354893792
REQUEST		request_0	1640354893492	1640354893814	OK	 
USER	GetAllCategories	END	1640354893815
REQUEST		request_0	1640354893392	1640354893827	OK	 
USER	GetAllCategories	END	1640354893828
USER	GetAllCategories	START	1640354893842
REQUEST		request_0	1640354893344	1640354893874	OK	 
USER	GetAllCategories	END	1640354893875
REQUEST		request_0	1640354893442	1640354893886	OK	 
USER	GetAllCategories	END	1640354893888
USER	GetAllCategories	START	1640354893891
USER	GetAllCategories	START	1640354893942
REQUEST		request_0	1640354893643	1640354893977	OK	 
USER	GetAllCategories	END	1640354893978
USER	GetAllCategories	START	1640354893992
REQUEST		request_0	1640354893700	1640354894010	OK	 
USER	GetAllCategories	END	1640354894011
USER	GetAllCategories	START	1640354894042
REQUEST		request_0	1640354893742	1640354894067	OK	 
USER	GetAllCategories	END	1640354894068
REQUEST		request_0	1640354893593	1640354894071	OK	 
USER	GetAllCategories	END	1640354894073
USER	GetAllCategories	START	1640354894092
USER	GetAllCategories	START	1640354894142
REQUEST		request_0	1640354893842	1640354894177	OK	 
USER	GetAllCategories	END	1640354894177
USER	GetAllCategories	START	1640354894192
REQUEST		request_0	1640354893544	1640354894213	OK	 
USER	GetAllCategories	END	1640354894214
REQUEST		request_0	1640354893796	1640354894234	OK	 
USER	GetAllCategories	END	1640354894236
USER	GetAllCategories	START	1640354894241
REQUEST		request_0	1640354893943	1640354894270	OK	 
USER	GetAllCategories	END	1640354894271
USER	GetAllCategories	START	1640354894291
REQUEST		request_0	1640354893891	1640354894303	OK	 
USER	GetAllCategories	END	1640354894304
USER	GetAllCategories	START	1640354894341
REQUEST		request_0	1640354894043	1640354894365	OK	 
USER	GetAllCategories	END	1640354894366
USER	GetAllCategories	START	1640354894391
REQUEST		request_0	1640354893992	1640354894441	OK	 
USER	GetAllCategories	END	1640354894442
USER	GetAllCategories	START	1640354894441
REQUEST		request_0	1640354894142	1640354894466	OK	 
USER	GetAllCategories	END	1640354894467
USER	GetAllCategories	START	1640354894491
REQUEST		request_0	1640354894193	1640354894501	OK	 
USER	GetAllCategories	END	1640354894503
REQUEST		request_0	1640354894092	1640354894517	OK	 
USER	GetAllCategories	END	1640354894518
USER	GetAllCategories	START	1640354894542
USER	GetAllCategories	START	1640354894594
REQUEST		request_0	1640354894292	1640354894613	OK	 
USER	GetAllCategories	END	1640354894615
REQUEST		request_0	1640354894341	1640354894673	OK	 
USER	GetAllCategories	END	1640354894677
USER	GetAllCategories	START	1640354894680
USER	GetAllCategories	START	1640354894692
REQUEST		request_0	1640354894241	1640354894698	OK	 
USER	GetAllCategories	END	1640354894700
REQUEST		request_0	1640354894391	1640354894710	OK	 
USER	GetAllCategories	END	1640354894712
USER	GetAllCategories	START	1640354894751
REQUEST		request_0	1640354894442	1640354894778	OK	 
USER	GetAllCategories	END	1640354894779
USER	GetAllCategories	START	1640354894792
USER	GetAllCategories	START	1640354894842
USER	GetAllCategories	START	1640354894892
REQUEST		request_0	1640354894492	1640354894938	OK	 
USER	GetAllCategories	END	1640354894939
USER	GetAllCategories	START	1640354894942
USER	GetAllCategories	START	1640354894992
USER	GetAllCategories	START	1640354895043
USER	GetAllCategories	START	1640354895091
USER	GetAllCategories	START	1640354895141
REQUEST		request_0	1640354894544	1640354895150	OK	 
USER	GetAllCategories	END	1640354895151
REQUEST		request_0	1640354894599	1640354895180	OK	 
USER	GetAllCategories	END	1640354895182
REQUEST		request_0	1640354894693	1640354895183	OK	 
USER	GetAllCategories	END	1640354895183
REQUEST		request_0	1640354894682	1640354895193	OK	 
USER	GetAllCategories	START	1640354895192
USER	GetAllCategories	END	1640354895194
REQUEST		request_0	1640354894793	1640354895233	OK	 
REQUEST		request_0	1640354894754	1640354895233	OK	 
USER	GetAllCategories	END	1640354895234
USER	GetAllCategories	END	1640354895234
REQUEST		request_0	1640354894843	1640354895249	OK	 
USER	GetAllCategories	END	1640354895250
USER	GetAllCategories	START	1640354895243
REQUEST		request_0	1640354894892	1640354895269	OK	 
USER	GetAllCategories	END	1640354895270
USER	GetAllCategories	START	1640354895292
REQUEST		request_0	1640354894942	1640354895360	OK	 
USER	GetAllCategories	END	1640354895362
USER	GetAllCategories	START	1640354895364
REQUEST		request_0	1640354894997	1640354895398	OK	 
USER	GetAllCategories	START	1640354895396
USER	GetAllCategories	END	1640354895399
USER	GetAllCategories	START	1640354895450
USER	GetAllCategories	START	1640354895492
REQUEST		request_0	1640354895142	1640354895511	OK	 
USER	GetAllCategories	END	1640354895512
REQUEST		request_0	1640354895044	1640354895522	OK	 
USER	GetAllCategories	END	1640354895523
REQUEST		request_0	1640354895092	1640354895538	OK	 
USER	GetAllCategories	END	1640354895539
USER	GetAllCategories	START	1640354895543
USER	GetAllCategories	START	1640354895593
REQUEST		request_0	1640354895243	1640354895601	OK	 
USER	GetAllCategories	END	1640354895604
USER	GetAllCategories	START	1640354895656
USER	GetAllCategories	START	1640354895693
REQUEST		request_0	1640354895365	1640354895699	OK	 
USER	GetAllCategories	END	1640354895701
REQUEST		request_0	1640354895398	1640354895734	OK	 
USER	GetAllCategories	END	1640354895736
USER	GetAllCategories	START	1640354895743
USER	GetAllCategories	START	1640354895792
USER	GetAllCategories	START	1640354895846
REQUEST		request_0	1640354895293	1640354895878	OK	 
REQUEST		request_0	1640354895195	1640354895878	OK	 
USER	GetAllCategories	END	1640354895879
USER	GetAllCategories	END	1640354895879
REQUEST		request_0	1640354895493	1640354895892	OK	 
USER	GetAllCategories	END	1640354895893
USER	GetAllCategories	START	1640354895897
REQUEST		request_0	1640354895594	1640354895908	OK	 
USER	GetAllCategories	END	1640354895909
REQUEST		request_0	1640354895450	1640354895930	OK	 
USER	GetAllCategories	END	1640354895932
USER	GetAllCategories	START	1640354895942
USER	GetAllCategories	START	1640354895992
USER	GetAllCategories	START	1640354896042
REQUEST		request_0	1640354895544	1640354896051	OK	 
USER	GetAllCategories	END	1640354896051
REQUEST		request_0	1640354895743	1640354896057	OK	 
USER	GetAllCategories	END	1640354896060
USER	GetAllCategories	START	1640354896098
USER	GetAllCategories	START	1640354896143
REQUEST		request_0	1640354895656	1640354896154	OK	 
REQUEST		request_0	1640354895693	1640354896154	OK	 
USER	GetAllCategories	END	1640354896155
USER	GetAllCategories	END	1640354896155
REQUEST		request_0	1640354895793	1640354896175	OK	 
USER	GetAllCategories	END	1640354896177
USER	GetAllCategories	START	1640354896193
REQUEST		request_0	1640354895846	1640354896227	OK	 
USER	GetAllCategories	END	1640354896228
USER	GetAllCategories	START	1640354896241
REQUEST		request_0	1640354895898	1640354896256	OK	 
USER	GetAllCategories	END	1640354896258
USER	GetAllCategories	START	1640354896291
USER	GetAllCategories	START	1640354896341
REQUEST		request_0	1640354896043	1640354896349	OK	 
USER	GetAllCategories	END	1640354896350
USER	GetAllCategories	START	1640354896392
USER	GetAllCategories	START	1640354896442
REQUEST		request_0	1640354895943	1640354896457	OK	 
USER	GetAllCategories	END	1640354896458
USER	GetAllCategories	START	1640354896492
REQUEST		request_0	1640354895993	1640354896498	OK	 
USER	GetAllCategories	END	1640354896499
REQUEST		request_0	1640354896194	1640354896519	OK	 
USER	GetAllCategories	END	1640354896520
USER	GetAllCategories	START	1640354896542
REQUEST		request_0	1640354896099	1640354896577	OK	 
USER	GetAllCategories	END	1640354896578
USER	GetAllCategories	START	1640354896591
REQUEST		request_0	1640354896292	1640354896606	OK	 
USER	GetAllCategories	END	1640354896607
USER	GetAllCategories	START	1640354896641
USER	GetAllCategories	START	1640354896691
REQUEST		request_0	1640354896242	1640354896699	OK	 
USER	GetAllCategories	END	1640354896700
REQUEST		request_0	1640354896393	1640354896706	OK	 
USER	GetAllCategories	END	1640354896706
REQUEST		request_0	1640354896144	1640354896741	OK	 
USER	GetAllCategories	START	1640354896741
USER	GetAllCategories	END	1640354896742
USER	GetAllCategories	START	1640354896792
USER	GetAllCategories	START	1640354896841
REQUEST		request_0	1640354896492	1640354896861	OK	 
USER	GetAllCategories	END	1640354896862
REQUEST		request_0	1640354896442	1640354896891	OK	 
USER	GetAllCategories	END	1640354896892
USER	GetAllCategories	START	1640354896891
REQUEST		request_0	1640354896341	1640354896906	OK	 
USER	GetAllCategories	END	1640354896907
USER	GetAllCategories	START	1640354896942
USER	GetAllCategories	START	1640354896992
USER	GetAllCategories	START	1640354897042
REQUEST		request_0	1640354896542	1640354897051	OK	 
USER	GetAllCategories	END	1640354897053
REQUEST		request_0	1640354896642	1640354897073	OK	 
USER	GetAllCategories	END	1640354897074
USER	GetAllCategories	START	1640354897092
USER	GetAllCategories	START	1640354897143
USER	GetAllCategories	START	1640354897192
REQUEST		request_0	1640354896792	1640354897196	OK	 
USER	GetAllCategories	END	1640354897197
REQUEST		request_0	1640354896692	1640354897222	OK	 
USER	GetAllCategories	END	1640354897222
REQUEST		request_0	1640354896892	1640354897228	OK	 
USER	GetAllCategories	END	1640354897228
USER	GetAllCategories	START	1640354897242
REQUEST		request_0	1640354896742	1640354897257	OK	 
USER	GetAllCategories	END	1640354897258
USER	GetAllCategories	START	1640354897291
USER	GetAllCategories	START	1640354897341
REQUEST		request_0	1640354897043	1640354897375	OK	 
USER	GetAllCategories	END	1640354897375
USER	GetAllCategories	START	1640354897392
REQUEST		request_0	1640354896592	1640354897412	OK	 
USER	GetAllCategories	END	1640354897413
USER	GetAllCategories	START	1640354897442
REQUEST		request_0	1640354896993	1640354897445	OK	 
USER	GetAllCategories	END	1640354897445
REQUEST		request_0	1640354897143	1640354897459	OK	 
USER	GetAllCategories	END	1640354897460
REQUEST		request_0	1640354896842	1640354897478	OK	 
USER	GetAllCategories	END	1640354897479
USER	GetAllCategories	START	1640354897492
REQUEST		request_0	1640354896942	1640354897526	OK	 
USER	GetAllCategories	END	1640354897526
USER	GetAllCategories	START	1640354897542
REQUEST		request_0	1640354897193	1640354897555	OK	 
REQUEST		request_0	1640354897093	1640354897555	OK	 
USER	GetAllCategories	END	1640354897556
USER	GetAllCategories	END	1640354897556
USER	GetAllCategories	START	1640354897592
USER	GetAllCategories	START	1640354897641
USER	GetAllCategories	START	1640354897692
REQUEST		request_0	1640354897392	1640354897710	OK	 
REQUEST		request_0	1640354897243	1640354897710	OK	 
USER	GetAllCategories	END	1640354897711
USER	GetAllCategories	END	1640354897711
USER	GetAllCategories	START	1640354897741
USER	GetAllCategories	START	1640354897791
REQUEST		request_0	1640354897342	1640354897813	OK	 
USER	GetAllCategories	END	1640354897814
USER	GetAllCategories	START	1640354897842
USER	GetAllCategories	START	1640354897891
REQUEST		request_0	1640354897442	1640354897924	OK	 
USER	GetAllCategories	END	1640354897925
USER	GetAllCategories	START	1640354897942
REQUEST		request_0	1640354897592	1640354897956	OK	 
USER	GetAllCategories	END	1640354897956
REQUEST		request_0	1640354897292	1640354897958	OK	 
USER	GetAllCategories	END	1640354897959
USER	GetAllCategories	START	1640354897992
REQUEST		request_0	1640354897492	1640354898020	OK	 
USER	GetAllCategories	END	1640354898022
REQUEST		request_0	1640354897641	1640354898039	OK	 
USER	GetAllCategories	END	1640354898040
USER	GetAllCategories	START	1640354898042
REQUEST		request_0	1640354897542	1640354898073	OK	 
USER	GetAllCategories	END	1640354898074
USER	GetAllCategories	START	1640354898092
USER	GetAllCategories	START	1640354898141
REQUEST		request_0	1640354897693	1640354898146	OK	 
USER	GetAllCategories	END	1640354898147
REQUEST		request_0	1640354897842	1640354898157	OK	 
USER	GetAllCategories	END	1640354898158
REQUEST		request_0	1640354897742	1640354898181	OK	 
REQUEST		request_0	1640354897792	1640354898181	OK	 
USER	GetAllCategories	END	1640354898182
USER	GetAllCategories	END	1640354898182
USER	GetAllCategories	START	1640354898191
USER	GetAllCategories	START	1640354898242
USER	GetAllCategories	START	1640354898292
REQUEST		request_0	1640354897992	1640354898322	OK	 
USER	GetAllCategories	END	1640354898323
REQUEST		request_0	1640354897892	1640354898325	OK	 
USER	GetAllCategories	END	1640354898326
USER	GetAllCategories	START	1640354898341
USER	GetAllCategories	START	1640354898391
REQUEST		request_0	1640354897942	1640354898414	OK	 
USER	GetAllCategories	END	1640354898415
USER	GetAllCategories	START	1640354898441
REQUEST		request_0	1640354898092	1640354898466	OK	 
USER	GetAllCategories	END	1640354898466
USER	GetAllCategories	START	1640354898491
USER	GetAllCategories	START	1640354898541
REQUEST		request_0	1640354898243	1640354898556	OK	 
USER	GetAllCategories	END	1640354898557
USER	GetAllCategories	START	1640354898591
REQUEST		request_0	1640354898042	1640354898593	OK	 
USER	GetAllCategories	END	1640354898594
USER	GetAllCategories	START	1640354898641
USER	GetAllCategories	START	1640354898692
REQUEST		request_0	1640354898292	1640354898696	OK	 
USER	GetAllCategories	END	1640354898697
REQUEST		request_0	1640354898192	1640354898734	OK	 
USER	GetAllCategories	END	1640354898735
USER	GetAllCategories	START	1640354898742
REQUEST		request_0	1640354898442	1640354898772	OK	 
USER	GetAllCategories	END	1640354898773
USER	GetAllCategories	START	1640354898792
REQUEST		request_0	1640354898141	1640354898796	OK	 
USER	GetAllCategories	END	1640354898798
REQUEST		request_0	1640354898342	1640354898820	OK	 
USER	GetAllCategories	END	1640354898821
USER	GetAllCategories	START	1640354898842
REQUEST		request_0	1640354898391	1640354898864	OK	 
USER	GetAllCategories	END	1640354898865
USER	GetAllCategories	START	1640354898891
USER	GetAllCategories	START	1640354898941
REQUEST		request_0	1640354898491	1640354898961	OK	 
USER	GetAllCategories	END	1640354898963
USER	GetAllCategories	START	1640354898991
REQUEST		request_0	1640354898541	1640354899001	OK	 
USER	GetAllCategories	END	1640354899003
REQUEST		request_0	1640354898641	1640354899024	OK	 
USER	GetAllCategories	END	1640354899025
USER	GetAllCategories	START	1640354899042
USER	GetAllCategories	START	1640354899091
REQUEST		request_0	1640354898792	1640354899124	OK	 
USER	GetAllCategories	END	1640354899124
USER	GetAllCategories	START	1640354899141
REQUEST		request_0	1640354898592	1640354899157	OK	 
USER	GetAllCategories	END	1640354899158
REQUEST		request_0	1640354898692	1640354899176	OK	 
USER	GetAllCategories	END	1640354899177
REQUEST		request_0	1640354898843	1640354899186	OK	 
USER	GetAllCategories	END	1640354899188
USER	GetAllCategories	START	1640354899192
REQUEST		request_0	1640354898743	1640354899233	OK	 
USER	GetAllCategories	END	1640354899234
USER	GetAllCategories	START	1640354899241
REQUEST		request_0	1640354898891	1640354899289	OK	 
USER	GetAllCategories	END	1640354899290
USER	GetAllCategories	START	1640354899291
USER	GetAllCategories	START	1640354899341
REQUEST		request_0	1640354899042	1640354899375	OK	 
USER	GetAllCategories	END	1640354899375
USER	GetAllCategories	START	1640354899392
REQUEST		request_0	1640354899091	1640354899409	OK	 
USER	GetAllCategories	END	1640354899411
REQUEST		request_0	1640354898941	1640354899435	OK	 
USER	GetAllCategories	END	1640354899437
USER	GetAllCategories	START	1640354899441
REQUEST		request_0	1640354898992	1640354899468	OK	 
USER	GetAllCategories	END	1640354899469
REQUEST		request_0	1640354899141	1640354899491	OK	 
USER	GetAllCategories	START	1640354899491
USER	GetAllCategories	END	1640354899492
USER	GetAllCategories	START	1640354899542
REQUEST		request_0	1640354899241	1640354899565	OK	 
USER	GetAllCategories	END	1640354899567
USER	GetAllCategories	START	1640354899592
USER	GetAllCategories	START	1640354899641
REQUEST		request_0	1640354899192	1640354899648	OK	 
USER	GetAllCategories	END	1640354899649
USER	GetAllCategories	START	1640354899692
USER	GetAllCategories	START	1640354899740
USER	GetAllCategories	START	1640354899792
REQUEST		request_0	1640354899341	1640354899811	OK	 
REQUEST		request_0	1640354899392	1640354899811	OK	 
USER	GetAllCategories	END	1640354899812
USER	GetAllCategories	END	1640354899812
REQUEST		request_0	1640354899291	1640354899840	OK	 
USER	GetAllCategories	END	1640354899841
USER	GetAllCategories	START	1640354899842
REQUEST		request_0	1640354899543	1640354899866	OK	 
USER	GetAllCategories	END	1640354899867
REQUEST		request_0	1640354899491	1640354899881	OK	 
USER	GetAllCategories	END	1640354899882
USER	GetAllCategories	START	1640354899891
REQUEST		request_0	1640354899592	1640354899938	OK	 
USER	GetAllCategories	END	1640354899939
USER	GetAllCategories	START	1640354899941
REQUEST		request_0	1640354899441	1640354899942	OK	 
USER	GetAllCategories	END	1640354899943
USER	GetAllCategories	START	1640354899992
USER	GetAllCategories	START	1640354900041
REQUEST		request_0	1640354899692	1640354900045	OK	 
USER	GetAllCategories	END	1640354900045
USER	GetAllCategories	START	1640354900090
REQUEST		request_0	1640354899792	1640354900114	OK	 
USER	GetAllCategories	END	1640354900115
USER	GetAllCategories	START	1640354900140
REQUEST		request_0	1640354899641	1640354900170	OK	 
USER	GetAllCategories	END	1640354900170
REQUEST		request_0	1640354899741	1640354900186	OK	 
USER	GetAllCategories	END	1640354900186
REQUEST		request_0	1640354899842	1640354900198	OK	 
USER	GetAllCategories	END	1640354900198
REQUEST		request_0	1640354899892	1640354900244	OK	 
USER	GetAllCategories	END	1640354900245
REQUEST		request_0	1640354899992	1640354900310	OK	 
USER	GetAllCategories	END	1640354900311
REQUEST		request_0	1640354899941	1640354900353	OK	 
USER	GetAllCategories	END	1640354900354
REQUEST		request_0	1640354900090	1640354900481	OK	 
USER	GetAllCategories	END	1640354900483
REQUEST		request_0	1640354900041	1640354900517	OK	 
USER	GetAllCategories	END	1640354900517
REQUEST		request_0	1640354900140	1640354900595	OK	 
USER	GetAllCategories	END	1640354900596
