RUN	com.gatlingTest.GetAllProductes	getallproductes	1640354958757	 	3.6.1
USER	GetAllProductes	START	1640354964766
USER	GetAllProductes	START	1640354964766
REQUEST		request_0	1640354964803	1640354965434	OK	 
USER	GetAllProductes	END	1640354965461
REQUEST		request_0	1640354964803	1640354965505	OK	 
USER	GetAllProductes	END	1640354965506
USER	GetAllProductes	START	1640354965763
REQUEST		request_0	1640354965765	1640354966555	OK	 
USER	GetAllProductes	END	1640354966557
USER	GetAllProductes	START	1640354966761
REQUEST		request_0	1640354966762	1640354967834	OK	 
USER	GetAllProductes	END	1640354967836
USER	GetAllProductes	START	1640354968761
REQUEST		request_0	1640354968762	1640354969374	OK	 
USER	GetAllProductes	END	1640354969375
USER	GetAllProductes	START	1640354969779
REQUEST		request_0	1640354969780	1640354970555	OK	 
USER	GetAllProductes	END	1640354970556
USER	GetAllProductes	START	1640354970764
REQUEST		request_0	1640354970765	1640354971538	OK	 
USER	GetAllProductes	END	1640354971540
USER	GetAllProductes	START	1640354972761
USER	GetAllProductes	START	1640354973760
REQUEST		request_0	1640354973760	1640354974593	OK	 
REQUEST		request_0	1640354972764	1640354974594	OK	 
USER	GetAllProductes	END	1640354974595
USER	GetAllProductes	END	1640354974598
USER	GetAllProductes	START	1640354974760
REQUEST		request_0	1640354974761	1640354975739	OK	 
USER	GetAllProductes	END	1640354975740
USER	GetAllProductes	START	1640354976776
REQUEST		request_0	1640354976777	1640354977389	OK	 
USER	GetAllProductes	END	1640354977390
USER	GetAllProductes	START	1640354977761
REQUEST		request_0	1640354977762	1640354978491	OK	 
USER	GetAllProductes	END	1640354978493
USER	GetAllProductes	START	1640354978762
REQUEST		request_0	1640354978771	1640354979353	OK	 
USER	GetAllProductes	END	1640354979355
USER	GetAllProductes	START	1640354980760
REQUEST		request_0	1640354980761	1640354981341	OK	 
USER	GetAllProductes	END	1640354981343
USER	GetAllProductes	START	1640354981760
REQUEST		request_0	1640354981761	1640354982350	OK	 
USER	GetAllProductes	END	1640354982351
USER	GetAllProductes	START	1640354982767
REQUEST		request_0	1640354982768	1640354983362	OK	 
USER	GetAllProductes	END	1640354983365
USER	GetAllProductes	START	1640354984761
REQUEST		request_0	1640354984761	1640354985648	OK	 
USER	GetAllProductes	END	1640354985649
USER	GetAllProductes	START	1640354985761
REQUEST		request_0	1640354985761	1640354986539	OK	 
USER	GetAllProductes	END	1640354986541
USER	GetAllProductes	START	1640354986760
REQUEST		request_0	1640354986761	1640354987510	OK	 
USER	GetAllProductes	END	1640354987511
USER	GetAllProductes	START	1640354988778
REQUEST		request_0	1640354988778	1640354989355	OK	 
USER	GetAllProductes	END	1640354989358
USER	GetAllProductes	START	1640354989767
REQUEST		request_0	1640354989768	1640354990389	OK	 
USER	GetAllProductes	END	1640354990392
USER	GetAllProductes	START	1640354990761
REQUEST		request_0	1640354990761	1640354991443	OK	 
USER	GetAllProductes	END	1640354991444
USER	GetAllProductes	START	1640354992761
REQUEST		request_0	1640354992761	1640354993571	OK	 
USER	GetAllProductes	END	1640354993572
USER	GetAllProductes	START	1640354993760
REQUEST		request_0	1640354993760	1640354994460	OK	 
USER	GetAllProductes	END	1640354994461
USER	GetAllProductes	START	1640354994760
REQUEST		request_0	1640354994761	1640354995326	OK	 
USER	GetAllProductes	END	1640354995328
USER	GetAllProductes	START	1640354996761
REQUEST		request_0	1640354996761	1640354997325	OK	 
USER	GetAllProductes	END	1640354997326
USER	GetAllProductes	START	1640354997761
REQUEST		request_0	1640354997761	1640354998458	OK	 
USER	GetAllProductes	END	1640354998459
USER	GetAllProductes	START	1640354998761
REQUEST		request_0	1640354998761	1640354999650	OK	 
USER	GetAllProductes	END	1640354999651
USER	GetAllProductes	START	1640355000761
REQUEST		request_0	1640355000761	1640355001209	OK	 
USER	GetAllProductes	END	1640355001210
USER	GetAllProductes	START	1640355001769
REQUEST		request_0	1640355001770	1640355002448	OK	 
USER	GetAllProductes	END	1640355002449
USER	GetAllProductes	START	1640355002761
REQUEST		request_0	1640355002761	1640355003318	OK	 
USER	GetAllProductes	END	1640355003319
USER	GetAllProductes	START	1640355004761
USER	GetAllProductes	START	1640355004810
USER	GetAllProductes	START	1640355004861
USER	GetAllProductes	START	1640355004910
USER	GetAllProductes	START	1640355004961
USER	GetAllProductes	START	1640355005010
USER	GetAllProductes	START	1640355005061
USER	GetAllProductes	START	1640355005111
USER	GetAllProductes	START	1640355005161
USER	GetAllProductes	START	1640355005211
USER	GetAllProductes	START	1640355005260
USER	GetAllProductes	START	1640355005311
USER	GetAllProductes	START	1640355005361
REQUEST		request_0	1640355004761	1640355005393	OK	 
REQUEST		request_0	1640355004810	1640355005392	OK	 
USER	GetAllProductes	END	1640355005394
USER	GetAllProductes	END	1640355005394
USER	GetAllProductes	START	1640355005410
USER	GetAllProductes	START	1640355005461
USER	GetAllProductes	START	1640355005511
USER	GetAllProductes	START	1640355005560
USER	GetAllProductes	START	1640355005611
REQUEST		request_0	1640355004861	1640355005626	OK	 
USER	GetAllProductes	END	1640355005628
USER	GetAllProductes	START	1640355005661
USER	GetAllProductes	START	1640355005711
USER	GetAllProductes	START	1640355005761
REQUEST		request_0	1640355004910	1640355005800	OK	 
USER	GetAllProductes	END	1640355005800
USER	GetAllProductes	START	1640355005811
REQUEST		request_0	1640355005311	1640355005846	OK	 
USER	GetAllProductes	END	1640355005848
USER	GetAllProductes	START	1640355005860
REQUEST		request_0	1640355004961	1640355005905	OK	 
USER	GetAllProductes	END	1640355005907
USER	GetAllProductes	START	1640355005912
REQUEST		request_0	1640355005010	1640355005940	OK	 
USER	GetAllProductes	END	1640355005951
REQUEST		request_0	1640355005260	1640355006034	OK	 
USER	GetAllProductes	END	1640355006041
USER	GetAllProductes	START	1640355006041
USER	GetAllProductes	START	1640355006066
REQUEST		request_0	1640355005111	1640355006086	OK	 
USER	GetAllProductes	END	1640355006090
REQUEST		request_0	1640355005161	1640355006115	OK	 
USER	GetAllProductes	END	1640355006118
USER	GetAllProductes	START	1640355006125
REQUEST		request_0	1640355005061	1640355006131	OK	 
USER	GetAllProductes	END	1640355006135
REQUEST		request_0	1640355005361	1640355006167	OK	 
USER	GetAllProductes	START	1640355006172
USER	GetAllProductes	END	1640355006170
USER	GetAllProductes	START	1640355006210
USER	GetAllProductes	START	1640355006251
USER	GetAllProductes	START	1640355006267
USER	GetAllProductes	START	1640355006313
REQUEST		request_0	1640355005211	1640355006342	OK	 
USER	GetAllProductes	END	1640355006344
REQUEST		request_0	1640355005712	1640355006368	OK	 
USER	GetAllProductes	END	1640355006371
USER	GetAllProductes	START	1640355006366
REQUEST		request_0	1640355005410	1640355006399	OK	 
USER	GetAllProductes	END	1640355006401
USER	GetAllProductes	START	1640355006412
REQUEST		request_0	1640355005611	1640355006417	OK	 
USER	GetAllProductes	END	1640355006419
USER	GetAllProductes	START	1640355006461
USER	GetAllProductes	START	1640355006511
USER	GetAllProductes	START	1640355006562
USER	GetAllProductes	START	1640355006611
REQUEST		request_0	1640355005511	1640355006613	OK	 
USER	GetAllProductes	END	1640355006616
REQUEST		request_0	1640355005560	1640355006653	OK	 
USER	GetAllProductes	END	1640355006654
REQUEST		request_0	1640355005661	1640355006663	OK	 
USER	GetAllProductes	START	1640355006661
USER	GetAllProductes	END	1640355006667
REQUEST		request_0	1640355005860	1640355006668	OK	 
USER	GetAllProductes	END	1640355006670
USER	GetAllProductes	START	1640355006711
USER	GetAllProductes	START	1640355006761
REQUEST		request_0	1640355005761	1640355006782	OK	 
USER	GetAllProductes	END	1640355006783
USER	GetAllProductes	START	1640355006810
REQUEST		request_0	1640355005461	1640355006843	OK	 
USER	GetAllProductes	END	1640355006844
USER	GetAllProductes	START	1640355006860
USER	GetAllProductes	START	1640355006911
USER	GetAllProductes	START	1640355006961
REQUEST		request_0	1640355005914	1640355006999	OK	 
REQUEST		request_0	1640355005811	1640355006999	OK	 
USER	GetAllProductes	END	1640355007000
USER	GetAllProductes	END	1640355007000
USER	GetAllProductes	START	1640355007011
REQUEST		request_0	1640355006072	1640355007040	OK	 
USER	GetAllProductes	END	1640355007041
REQUEST		request_0	1640355006044	1640355007059	OK	 
USER	GetAllProductes	END	1640355007060
USER	GetAllProductes	START	1640355007060
USER	GetAllProductes	START	1640355007110
REQUEST		request_0	1640355006172	1640355007160	OK	 
USER	GetAllProductes	START	1640355007160
USER	GetAllProductes	END	1640355007162
USER	GetAllProductes	START	1640355007211
REQUEST		request_0	1640355006314	1640355007234	OK	 
USER	GetAllProductes	END	1640355007235
USER	GetAllProductes	START	1640355007261
REQUEST		request_0	1640355006213	1640355007265	OK	 
USER	GetAllProductes	END	1640355007268
USER	GetAllProductes	START	1640355007310
REQUEST		request_0	1640355006252	1640355007319	OK	 
USER	GetAllProductes	END	1640355007320
USER	GetAllProductes	START	1640355007360
USER	GetAllProductes	START	1640355007411
USER	GetAllProductes	START	1640355007460
REQUEST		request_0	1640355006126	1640355007470	OK	 
USER	GetAllProductes	END	1640355007473
USER	GetAllProductes	START	1640355007511
USER	GetAllProductes	START	1640355007561
REQUEST		request_0	1640355006480	1640355007599	OK	 
USER	GetAllProductes	END	1640355007600
USER	GetAllProductes	START	1640355007611
REQUEST		request_0	1640355006512	1640355007636	OK	 
USER	GetAllProductes	END	1640355007637
USER	GetAllProductes	START	1640355007660
REQUEST		request_0	1640355006277	1640355007702	OK	 
USER	GetAllProductes	END	1640355007703
USER	GetAllProductes	START	1640355007710
USER	GetAllProductes	START	1640355007762
REQUEST		request_0	1640355006368	1640355007769	OK	 
USER	GetAllProductes	END	1640355007771
USER	GetAllProductes	START	1640355007811
REQUEST		request_0	1640355006413	1640355007840	OK	 
USER	GetAllProductes	END	1640355007842
REQUEST		request_0	1640355006711	1640355007850	OK	 
USER	GetAllProductes	END	1640355007851
USER	GetAllProductes	START	1640355007860
USER	GetAllProductes	START	1640355007911
REQUEST		request_0	1640355006612	1640355007925	OK	 
USER	GetAllProductes	END	1640355007928
REQUEST		request_0	1640355006564	1640355007956	OK	 
USER	GetAllProductes	END	1640355007957
USER	GetAllProductes	START	1640355007960
USER	GetAllProductes	START	1640355008011
USER	GetAllProductes	START	1640355008061
REQUEST		request_0	1640355006762	1640355008094	OK	 
USER	GetAllProductes	END	1640355008098
USER	GetAllProductes	START	1640355008111
REQUEST		request_0	1640355006810	1640355008115	OK	 
USER	GetAllProductes	END	1640355008117
REQUEST		request_0	1640355006861	1640355008148	OK	 
USER	GetAllProductes	END	1640355008150
REQUEST		request_0	1640355006662	1640355008160	OK	 
USER	GetAllProductes	END	1640355008161
USER	GetAllProductes	START	1640355008161
USER	GetAllProductes	START	1640355008211
USER	GetAllProductes	START	1640355008261
USER	GetAllProductes	START	1640355008311
USER	GetAllProductes	START	1640355008361
REQUEST		request_0	1640355007011	1640355008378	OK	 
USER	GetAllProductes	END	1640355008379
USER	GetAllProductes	START	1640355008410
REQUEST		request_0	1640355007160	1640355008460	OK	 
USER	GetAllProductes	END	1640355008461
USER	GetAllProductes	START	1640355008462
REQUEST		request_0	1640355006912	1640355008474	OK	 
USER	GetAllProductes	END	1640355008475
REQUEST		request_0	1640355007111	1640355008475	OK	 
USER	GetAllProductes	END	1640355008476
REQUEST		request_0	1640355006961	1640355008502	OK	 
USER	GetAllProductes	END	1640355008503
USER	GetAllProductes	START	1640355008511
USER	GetAllProductes	START	1640355008560
USER	GetAllProductes	START	1640355008612
REQUEST		request_0	1640355007060	1640355008615	OK	 
USER	GetAllProductes	END	1640355008617
USER	GetAllProductes	START	1640355008661
REQUEST		request_0	1640355007211	1640355008682	OK	 
USER	GetAllProductes	END	1640355008683
USER	GetAllProductes	START	1640355008711
USER	GetAllProductes	START	1640355008763
REQUEST		request_0	1640355007361	1640355008792	OK	 
USER	GetAllProductes	END	1640355008795
REQUEST		request_0	1640355007262	1640355008804	OK	 
USER	GetAllProductes	END	1640355008808
USER	GetAllProductes	START	1640355008810
USER	GetAllProductes	START	1640355008862
USER	GetAllProductes	START	1640355008912
REQUEST		request_0	1640355007411	1640355008922	OK	 
USER	GetAllProductes	END	1640355008925
REQUEST		request_0	1640355007461	1640355008957	OK	 
USER	GetAllProductes	END	1640355008961
USER	GetAllProductes	START	1640355008964
USER	GetAllProductes	START	1640355009012
REQUEST		request_0	1640355007512	1640355009042	OK	 
USER	GetAllProductes	END	1640355009045
USER	GetAllProductes	START	1640355009061
REQUEST		request_0	1640355007311	1640355009074	OK	 
REQUEST		request_0	1640355007561	1640355009076	OK	 
USER	GetAllProductes	END	1640355009077
USER	GetAllProductes	END	1640355009077
USER	GetAllProductes	START	1640355009112
USER	GetAllProductes	START	1640355009161
REQUEST		request_0	1640355007611	1640355009180	OK	 
USER	GetAllProductes	END	1640355009181
USER	GetAllProductes	START	1640355009211
USER	GetAllProductes	START	1640355009262
REQUEST		request_0	1640355007711	1640355009269	OK	 
USER	GetAllProductes	END	1640355009270
REQUEST		request_0	1640355007661	1640355009292	OK	 
USER	GetAllProductes	END	1640355009293
USER	GetAllProductes	START	1640355009312
REQUEST		request_0	1640355007764	1640355009350	OK	 
USER	GetAllProductes	END	1640355009351
USER	GetAllProductes	START	1640355009362
USER	GetAllProductes	START	1640355009412
REQUEST		request_0	1640355007912	1640355009444	OK	 
USER	GetAllProductes	END	1640355009446
USER	GetAllProductes	START	1640355009462
USER	GetAllProductes	START	1640355009513
REQUEST		request_0	1640355007812	1640355009535	OK	 
USER	GetAllProductes	END	1640355009536
USER	GetAllProductes	START	1640355009562
USER	GetAllProductes	START	1640355009612
USER	GetAllProductes	START	1640355009663
USER	GetAllProductes	START	1640355009713
USER	GetAllProductes	START	1640355009763
USER	GetAllProductes	START	1640355009811
USER	GetAllProductes	START	1640355009861
REQUEST		request_0	1640355007861	1640355009907	OK	 
USER	GetAllProductes	END	1640355009909
USER	GetAllProductes	START	1640355009910
REQUEST		request_0	1640355008011	1640355009932	OK	 
USER	GetAllProductes	END	1640355009934
REQUEST		request_0	1640355007960	1640355009946	OK	 
USER	GetAllProductes	END	1640355009947
USER	GetAllProductes	START	1640355009961
USER	GetAllProductes	START	1640355010011
REQUEST		request_0	1640355008112	1640355010032	OK	 
USER	GetAllProductes	END	1640355010034
USER	GetAllProductes	START	1640355010063
REQUEST		request_0	1640355008061	1640355010066	OK	 
USER	GetAllProductes	END	1640355010067
USER	GetAllProductes	START	1640355010112
REQUEST		request_0	1640355008164	1640355010136	OK	 
USER	GetAllProductes	END	1640355010138
USER	GetAllProductes	START	1640355010164
USER	GetAllProductes	START	1640355010212
REQUEST		request_0	1640355008361	1640355010229	OK	 
REQUEST		request_0	1640355008410	1640355010233	OK	 
USER	GetAllProductes	END	1640355010233
USER	GetAllProductes	END	1640355010238
USER	GetAllProductes	START	1640355010265
REQUEST		request_0	1640355008211	1640355010287	OK	 
USER	GetAllProductes	END	1640355010290
USER	GetAllProductes	START	1640355010313
USER	GetAllProductes	START	1640355010363
USER	GetAllProductes	START	1640355010413
REQUEST		request_0	1640355008560	1640355010429	OK	 
USER	GetAllProductes	END	1640355010434
REQUEST		request_0	1640355008311	1640355010447	OK	 
USER	GetAllProductes	END	1640355010450
REQUEST		request_0	1640355008261	1640355010451	OK	 
USER	GetAllProductes	END	1640355010453
USER	GetAllProductes	START	1640355010465
USER	GetAllProductes	START	1640355010513
REQUEST		request_0	1640355008463	1640355010538	OK	 
USER	GetAllProductes	END	1640355010541
USER	GetAllProductes	START	1640355010568
USER	GetAllProductes	START	1640355010617
REQUEST		request_0	1640355008661	1640355010632	OK	 
USER	GetAllProductes	END	1640355010634
USER	GetAllProductes	START	1640355010685
REQUEST		request_0	1640355008511	1640355010700	OK	 
USER	GetAllProductes	END	1640355010702
USER	GetAllProductes	START	1640355010713
REQUEST		request_0	1640355008612	1640355010717	OK	 
USER	GetAllProductes	END	1640355010719
USER	GetAllProductes	START	1640355010767
REQUEST		request_0	1640355008711	1640355010785	OK	 
USER	GetAllProductes	END	1640355010786
REQUEST		request_0	1640355008765	1640355010792	OK	 
USER	GetAllProductes	END	1640355010794
REQUEST		request_0	1640355008863	1640355010807	OK	 
USER	GetAllProductes	END	1640355010808
USER	GetAllProductes	START	1640355010811
USER	GetAllProductes	START	1640355010867
REQUEST		request_0	1640355008811	1640355010917	OK	 
USER	GetAllProductes	START	1640355010916
USER	GetAllProductes	END	1640355010918
USER	GetAllProductes	START	1640355010966
REQUEST		request_0	1640355008965	1640355011000	OK	 
USER	GetAllProductes	END	1640355011002
USER	GetAllProductes	START	1640355011013
USER	GetAllProductes	START	1640355011063
REQUEST		request_0	1640355008913	1640355011065	OK	 
USER	GetAllProductes	END	1640355011067
REQUEST		request_0	1640355009212	1640355011079	OK	 
USER	GetAllProductes	END	1640355011081
REQUEST		request_0	1640355009113	1640355011100	OK	 
USER	GetAllProductes	END	1640355011102
USER	GetAllProductes	START	1640355011110
USER	GetAllProductes	START	1640355011161
USER	GetAllProductes	START	1640355011211
REQUEST		request_0	1640355009162	1640355011229	OK	 
USER	GetAllProductes	END	1640355011232
USER	GetAllProductes	START	1640355011266
USER	GetAllProductes	START	1640355011312
REQUEST		request_0	1640355009013	1640355011334	OK	 
USER	GetAllProductes	END	1640355011336
REQUEST		request_0	1640355009062	1640355011337	OK	 
USER	GetAllProductes	END	1640355011339
USER	GetAllProductes	START	1640355011363
USER	GetAllProductes	START	1640355011412
REQUEST		request_0	1640355009264	1640355011438	OK	 
USER	GetAllProductes	END	1640355011440
USER	GetAllProductes	START	1640355011462
REQUEST		request_0	1640355009312	1640355011469	OK	 
USER	GetAllProductes	END	1640355011470
REQUEST		request_0	1640355009465	1640355011502	OK	 
USER	GetAllProductes	END	1640355011504
USER	GetAllProductes	START	1640355011512
USER	GetAllProductes	START	1640355011564
REQUEST		request_0	1640355009364	1640355011579	OK	 
USER	GetAllProductes	END	1640355011581
USER	GetAllProductes	START	1640355011612
REQUEST		request_0	1640355009412	1640355011644	OK	 
USER	GetAllProductes	END	1640355011646
USER	GetAllProductes	START	1640355011662
REQUEST		request_0	1640355009713	1640355011693	OK	 
USER	GetAllProductes	END	1640355011694
USER	GetAllProductes	START	1640355011712
REQUEST		request_0	1640355009563	1640355011765	OK	 
USER	GetAllProductes	START	1640355011765
USER	GetAllProductes	END	1640355011768
USER	GetAllProductes	START	1640355011811
USER	GetAllProductes	START	1640355011861
REQUEST		request_0	1640355009764	1640355011903	OK	 
USER	GetAllProductes	END	1640355011905
USER	GetAllProductes	START	1640355011911
REQUEST		request_0	1640355009663	1640355011923	OK	 
USER	GetAllProductes	END	1640355011925
USER	GetAllProductes	START	1640355011960
REQUEST		request_0	1640355009861	1640355011979	OK	 
USER	GetAllProductes	END	1640355011980
REQUEST		request_0	1640355009612	1640355012003	OK	 
USER	GetAllProductes	END	1640355012006
REQUEST		request_0	1640355009513	1640355012007	OK	 
USER	GetAllProductes	END	1640355012008
USER	GetAllProductes	START	1640355012011
USER	GetAllProductes	START	1640355012061
REQUEST		request_0	1640355009961	1640355012094	OK	 
USER	GetAllProductes	END	1640355012096
USER	GetAllProductes	START	1640355012111
USER	GetAllProductes	START	1640355012161
REQUEST		request_0	1640355010011	1640355012167	OK	 
USER	GetAllProductes	END	1640355012169
USER	GetAllProductes	START	1640355012211
USER	GetAllProductes	START	1640355012260
USER	GetAllProductes	START	1640355012311
REQUEST		request_0	1640355009814	1640355012334	OK	 
USER	GetAllProductes	END	1640355012339
REQUEST		request_0	1640355009910	1640355012342	OK	 
USER	GetAllProductes	END	1640355012344
USER	GetAllProductes	START	1640355012361
REQUEST		request_0	1640355010063	1640355012366	OK	 
USER	GetAllProductes	END	1640355012368
USER	GetAllProductes	START	1640355012411
USER	GetAllProductes	START	1640355012464
REQUEST		request_0	1640355010213	1640355012512	OK	 
REQUEST		request_0	1640355010266	1640355012526	OK	 
USER	GetAllProductes	END	1640355012513
USER	GetAllProductes	END	1640355012528
USER	GetAllProductes	START	1640355012534
USER	GetAllProductes	START	1640355012561
REQUEST		request_0	1640355010112	1640355012602	OK	 
USER	GetAllProductes	START	1640355012611
USER	GetAllProductes	END	1640355012613
USER	GetAllProductes	START	1640355012660
USER	GetAllProductes	START	1640355012712
USER	GetAllProductes	START	1640355012762
REQUEST		request_0	1640355010165	1640355012795	OK	 
USER	GetAllProductes	END	1640355012798
REQUEST		request_0	1640355010569	1640355012812	OK	 
USER	GetAllProductes	START	1640355012811
USER	GetAllProductes	END	1640355012814
REQUEST		request_0	1640355010466	1640355012834	OK	 
USER	GetAllProductes	END	1640355012836
REQUEST		request_0	1640355010364	1640355012850	OK	 
USER	GetAllProductes	END	1640355012852
USER	GetAllProductes	START	1640355012862
REQUEST		request_0	1640355010314	1640355012889	OK	 
USER	GetAllProductes	END	1640355012890
USER	GetAllProductes	START	1640355012913
USER	GetAllProductes	START	1640355012961
REQUEST		request_0	1640355010414	1640355013007	OK	 
USER	GetAllProductes	END	1640355013009
USER	GetAllProductes	START	1640355013012
REQUEST		request_0	1640355010514	1640355013032	OK	 
USER	GetAllProductes	END	1640355013033
USER	GetAllProductes	START	1640355013063
REQUEST		request_0	1640355010714	1640355013108	OK	 
USER	GetAllProductes	END	1640355013110
USER	GetAllProductes	START	1640355013112
REQUEST		request_0	1640355010687	1640355013137	OK	 
USER	GetAllProductes	END	1640355013140
REQUEST		request_0	1640355010618	1640355013154	OK	 
USER	GetAllProductes	END	1640355013156
USER	GetAllProductes	START	1640355013162
USER	GetAllProductes	START	1640355013212
USER	GetAllProductes	START	1640355013262
REQUEST		request_0	1640355010970	1640355013265	OK	 
USER	GetAllProductes	END	1640355013267
USER	GetAllProductes	START	1640355013313
USER	GetAllProductes	START	1640355013362
REQUEST		request_0	1640355010768	1640355013394	OK	 
USER	GetAllProductes	END	1640355013399
REQUEST		request_0	1640355010916	1640355013413	OK	 
USER	GetAllProductes	START	1640355013414
USER	GetAllProductes	END	1640355013417
USER	GetAllProductes	START	1640355013463
USER	GetAllProductes	START	1640355013513
REQUEST		request_0	1640355010812	1640355013546	OK	 
USER	GetAllProductes	END	1640355013547
REQUEST		request_0	1640355011112	1640355013566	OK	 
USER	GetAllProductes	START	1640355013565
USER	GetAllProductes	END	1640355013567
USER	GetAllProductes	START	1640355013612
REQUEST		request_0	1640355011014	1640355013635	OK	 
USER	GetAllProductes	END	1640355013636
USER	GetAllProductes	START	1640355013663
REQUEST		request_0	1640355011162	1640355013680	OK	 
USER	GetAllProductes	END	1640355013681
REQUEST		request_0	1640355010868	1640355013695	OK	 
USER	GetAllProductes	END	1640355013697
USER	GetAllProductes	START	1640355013713
REQUEST		request_0	1640355011064	1640355013728	OK	 
USER	GetAllProductes	END	1640355013730
USER	GetAllProductes	START	1640355013762
USER	GetAllProductes	START	1640355013811
REQUEST		request_0	1640355011211	1640355013859	OK	 
USER	GetAllProductes	END	1640355013860
USER	GetAllProductes	START	1640355013861
REQUEST		request_0	1640355011312	1640355013898	OK	 
USER	GetAllProductes	END	1640355013901
USER	GetAllProductes	START	1640355013910
REQUEST		request_0	1640355011267	1640355013947	OK	 
USER	GetAllProductes	END	1640355013948
USER	GetAllProductes	START	1640355013961
REQUEST		request_0	1640355011364	1640355013996	OK	 
USER	GetAllProductes	END	1640355013998
REQUEST		request_0	1640355011513	1640355014001	OK	 
USER	GetAllProductes	END	1640355014002
USER	GetAllProductes	START	1640355014018
USER	GetAllProductes	START	1640355014061
USER	GetAllProductes	START	1640355014111
USER	GetAllProductes	START	1640355014161
USER	GetAllProductes	START	1640355014211
USER	GetAllProductes	START	1640355014261
USER	GetAllProductes	START	1640355014311
USER	GetAllProductes	START	1640355014361
USER	GetAllProductes	START	1640355014412
REQUEST		request_0	1640355011766	1640355014447	OK	 
USER	GetAllProductes	END	1640355014449
USER	GetAllProductes	START	1640355014462
REQUEST		request_0	1640355011412	1640355014511	OK	 
USER	GetAllProductes	START	1640355014512
USER	GetAllProductes	END	1640355014513
REQUEST		request_0	1640355011462	1640355014546	OK	 
REQUEST		request_0	1640355011664	1640355014547	OK	 
USER	GetAllProductes	END	1640355014548
USER	GetAllProductes	END	1640355014548
USER	GetAllProductes	START	1640355014562
REQUEST		request_0	1640355011565	1640355014567	OK	 
USER	GetAllProductes	END	1640355014568
USER	GetAllProductes	START	1640355014612
USER	GetAllProductes	START	1640355014661
REQUEST		request_0	1640355011712	1640355014698	OK	 
USER	GetAllProductes	END	1640355014700
USER	GetAllProductes	START	1640355014712
USER	GetAllProductes	START	1640355014762
USER	GetAllProductes	START	1640355014811
REQUEST		request_0	1640355011911	1640355014830	OK	 
REQUEST		request_0	1640355011612	1640355014831	OK	 
USER	GetAllProductes	END	1640355014832
REQUEST		request_0	1640355011811	1640355014832	OK	 
USER	GetAllProductes	END	1640355014832
USER	GetAllProductes	END	1640355014833
REQUEST		request_0	1640355011861	1640355014840	OK	 
USER	GetAllProductes	END	1640355014841
USER	GetAllProductes	START	1640355014860
USER	GetAllProductes	START	1640355014911
REQUEST		request_0	1640355012012	1640355014931	OK	 
USER	GetAllProductes	END	1640355014933
USER	GetAllProductes	START	1640355014961
USER	GetAllProductes	START	1640355015010
REQUEST		request_0	1640355011961	1640355015050	OK	 
USER	GetAllProductes	END	1640355015051
USER	GetAllProductes	START	1640355015060
USER	GetAllProductes	START	1640355015110
REQUEST		request_0	1640355012211	1640355015135	OK	 
USER	GetAllProductes	END	1640355015139
REQUEST		request_0	1640355012112	1640355015141	OK	 
USER	GetAllProductes	END	1640355015142
REQUEST		request_0	1640355012061	1640355015148	OK	 
USER	GetAllProductes	END	1640355015150
USER	GetAllProductes	START	1640355015160
USER	GetAllProductes	START	1640355015214
REQUEST		request_0	1640355012161	1640355015230	OK	 
USER	GetAllProductes	END	1640355015233
USER	GetAllProductes	START	1640355015262
REQUEST		request_0	1640355012312	1640355015308	OK	 
USER	GetAllProductes	END	1640355015311
USER	GetAllProductes	START	1640355015311
REQUEST		request_0	1640355012261	1640355015346	OK	 
USER	GetAllProductes	END	1640355015348
USER	GetAllProductes	START	1640355015360
REQUEST		request_0	1640355012362	1640355015367	OK	 
USER	GetAllProductes	END	1640355015369
USER	GetAllProductes	START	1640355015412
REQUEST		request_0	1640355012411	1640355015451	OK	 
USER	GetAllProductes	END	1640355015452
USER	GetAllProductes	START	1640355015461
USER	GetAllProductes	START	1640355015511
USER	GetAllProductes	START	1640355015561
REQUEST		request_0	1640355012466	1640355015591	OK	 
USER	GetAllProductes	END	1640355015593
REQUEST		request_0	1640355012612	1640355015597	OK	 
USER	GetAllProductes	END	1640355015598
USER	GetAllProductes	START	1640355015611
REQUEST		request_0	1640355012561	1640355015626	OK	 
USER	GetAllProductes	END	1640355015627
USER	GetAllProductes	START	1640355015662
USER	GetAllProductes	START	1640355015711
REQUEST		request_0	1640355012537	1640355015742	OK	 
USER	GetAllProductes	END	1640355015745
USER	GetAllProductes	START	1640355015763
USER	GetAllProductes	START	1640355015814
REQUEST		request_0	1640355012763	1640355015815	OK	 
USER	GetAllProductes	END	1640355015817
USER	GetAllProductes	START	1640355015861
REQUEST		request_0	1640355012811	1640355015886	OK	 
USER	GetAllProductes	END	1640355015887
REQUEST		request_0	1640355012661	1640355015917	OK	 
USER	GetAllProductes	END	1640355015918
USER	GetAllProductes	START	1640355015926
USER	GetAllProductes	START	1640355015981
REQUEST		request_0	1640355012864	1640355016010	OK	 
USER	GetAllProductes	END	1640355016012
REQUEST		request_0	1640355012914	1640355016016	OK	 
USER	GetAllProductes	END	1640355016018
USER	GetAllProductes	START	1640355016032
USER	GetAllProductes	START	1640355016082
USER	GetAllProductes	START	1640355016132
REQUEST		request_0	1640355012962	1640355016175	OK	 
USER	GetAllProductes	END	1640355016177
REQUEST		request_0	1640355013012	1640355016182	OK	 
USER	GetAllProductes	START	1640355016181
USER	GetAllProductes	END	1640355016183
REQUEST		request_0	1640355013163	1640355016190	OK	 
USER	GetAllProductes	END	1640355016191
REQUEST		request_0	1640355012712	1640355016197	OK	 
USER	GetAllProductes	END	1640355016199
USER	GetAllProductes	START	1640355016231
USER	GetAllProductes	START	1640355016282
USER	GetAllProductes	START	1640355016339
USER	GetAllProductes	START	1640355016383
REQUEST		request_0	1640355013213	1640355016402	OK	 
USER	GetAllProductes	END	1640355016404
USER	GetAllProductes	START	1640355016433
REQUEST		request_0	1640355013263	1640355016467	OK	 
USER	GetAllProductes	END	1640355016468
USER	GetAllProductes	START	1640355016483
REQUEST		request_0	1640355013063	1640355016517	OK	 
USER	GetAllProductes	END	1640355016518
USER	GetAllProductes	START	1640355016533
REQUEST		request_0	1640355013313	1640355016544	OK	 
USER	GetAllProductes	END	1640355016545
USER	GetAllProductes	START	1640355016583
USER	GetAllProductes	START	1640355016633
REQUEST		request_0	1640355013363	1640355016655	OK	 
USER	GetAllProductes	END	1640355016657
USER	GetAllProductes	START	1640355016684
USER	GetAllProductes	START	1640355016734
REQUEST		request_0	1640355013565	1640355016763	OK	 
USER	GetAllProductes	END	1640355016766
REQUEST		request_0	1640355013415	1640355016769	OK	 
USER	GetAllProductes	END	1640355016771
USER	GetAllProductes	START	1640355016783
REQUEST		request_0	1640355013465	1640355016798	OK	 
USER	GetAllProductes	END	1640355016803
USER	GetAllProductes	START	1640355016836
USER	GetAllProductes	START	1640355016860
REQUEST		request_0	1640355013513	1640355016933	OK	 
USER	GetAllProductes	END	1640355016935
USER	GetAllProductes	START	1640355016938
USER	GetAllProductes	START	1640355016960
REQUEST		request_0	1640355013664	1640355016987	OK	 
USER	GetAllProductes	END	1640355016992
REQUEST		request_0	1640355013861	1640355017052	OK	 
USER	GetAllProductes	END	1640355017055
USER	GetAllProductes	START	1640355017017
USER	GetAllProductes	START	1640355017061
USER	GetAllProductes	START	1640355017111
USER	GetAllProductes	START	1640355017167
REQUEST		request_0	1640355013713	1640355017181	OK	 
USER	GetAllProductes	END	1640355017182
REQUEST		request_0	1640355013612	1640355017186	OK	 
USER	GetAllProductes	END	1640355017196
USER	GetAllProductes	START	1640355017222
USER	GetAllProductes	START	1640355017275
REQUEST		request_0	1640355013763	1640355017300	OK	 
USER	GetAllProductes	END	1640355017302
USER	GetAllProductes	START	1640355017312
REQUEST		request_0	1640355014062	1640355017330	OK	 
USER	GetAllProductes	END	1640355017331
REQUEST		request_0	1640355014112	1640355017338	OK	 
USER	GetAllProductes	END	1640355017340
REQUEST		request_0	1640355014019	1640355017343	OK	 
USER	GetAllProductes	END	1640355017344
USER	GetAllProductes	START	1640355017361
REQUEST		request_0	1640355013112	1640355017367	OK	 
USER	GetAllProductes	END	1640355017368
USER	GetAllProductes	START	1640355017415
USER	GetAllProductes	START	1640355017461
USER	GetAllProductes	START	1640355017510
REQUEST		request_0	1640355013911	1640355017533	OK	 
USER	GetAllProductes	END	1640355017535
USER	GetAllProductes	START	1640355017560
USER	GetAllProductes	START	1640355017611
REQUEST		request_0	1640355013961	1640355017614	OK	 
REQUEST		request_0	1640355013812	1640355017617	OK	 
USER	GetAllProductes	END	1640355017617
USER	GetAllProductes	END	1640355017619
REQUEST		request_0	1640355014211	1640355017627	OK	 
USER	GetAllProductes	END	1640355017644
REQUEST		request_0	1640355014361	1640355017644	OK	 
USER	GetAllProductes	END	1640355017646
USER	GetAllProductes	START	1640355017661
USER	GetAllProductes	START	1640355017710
REQUEST		request_0	1640355014262	1640355017750	OK	 
USER	GetAllProductes	END	1640355017751
USER	GetAllProductes	START	1640355017761
USER	GetAllProductes	START	1640355017812
REQUEST		request_0	1640355014311	1640355017843	OK	 
USER	GetAllProductes	END	1640355017851
USER	GetAllProductes	START	1640355017865
REQUEST		request_0	1640355014161	1640355017901	OK	 
USER	GetAllProductes	END	1640355017903
REQUEST		request_0	1640355014412	1640355017912	OK	 
USER	GetAllProductes	END	1640355017915
REQUEST		request_0	1640355014464	1640355017921	OK	 
REQUEST		request_0	1640355014512	1640355017926	OK	 
USER	GetAllProductes	END	1640355017924
USER	GetAllProductes	END	1640355017927
USER	GetAllProductes	START	1640355017912
USER	GetAllProductes	START	1640355017965
USER	GetAllProductes	START	1640355018011
USER	GetAllProductes	START	1640355018078
REQUEST		request_0	1640355014566	1640355018117	OK	 
USER	GetAllProductes	END	1640355018122
USER	GetAllProductes	START	1640355018141
USER	GetAllProductes	START	1640355018161
REQUEST		request_0	1640355014763	1640355018202	OK	 
USER	GetAllProductes	END	1640355018203
REQUEST		request_0	1640355014612	1640355018218	OK	 
USER	GetAllProductes	END	1640355018219
USER	GetAllProductes	START	1640355018219
REQUEST		request_0	1640355014712	1640355018231	OK	 
USER	GetAllProductes	END	1640355018233
REQUEST		request_0	1640355014662	1640355018251	OK	 
USER	GetAllProductes	END	1640355018253
USER	GetAllProductes	START	1640355018313
USER	GetAllProductes	START	1640355018286
USER	GetAllProductes	START	1640355018367
REQUEST		request_0	1640355014911	1640355018389	OK	 
USER	GetAllProductes	END	1640355018391
USER	GetAllProductes	START	1640355018411
USER	GetAllProductes	START	1640355018461
REQUEST		request_0	1640355014811	1640355018483	OK	 
USER	GetAllProductes	END	1640355018485
REQUEST		request_0	1640355015010	1640355018493	OK	 
USER	GetAllProductes	END	1640355018494
REQUEST		request_0	1640355014861	1640355018512	OK	 
USER	GetAllProductes	START	1640355018511
USER	GetAllProductes	END	1640355018514
USER	GetAllProductes	START	1640355018561
USER	GetAllProductes	START	1640355018610
USER	GetAllProductes	START	1640355018660
USER	GetAllProductes	START	1640355018710
USER	GetAllProductes	START	1640355018766
USER	GetAllProductes	START	1640355018810
USER	GetAllProductes	START	1640355018864
USER	GetAllProductes	START	1640355018911
REQUEST		request_0	1640355014961	1640355018935	OK	 
USER	GetAllProductes	END	1640355018938
REQUEST		request_0	1640355015161	1640355018944	OK	 
USER	GetAllProductes	END	1640355018946
USER	GetAllProductes	START	1640355018960
REQUEST		request_0	1640355015061	1640355018977	OK	 
USER	GetAllProductes	END	1640355018982
USER	GetAllProductes	START	1640355019016
REQUEST		request_0	1640355015312	1640355019044	OK	 
USER	GetAllProductes	END	1640355019047
REQUEST		request_0	1640355015111	1640355019043	OK	 
USER	GetAllProductes	END	1640355019050
USER	GetAllProductes	START	1640355019060
USER	GetAllProductes	START	1640355019110
REQUEST		request_0	1640355015218	1640355019144	OK	 
USER	GetAllProductes	END	1640355019146
USER	GetAllProductes	START	1640355019161
USER	GetAllProductes	START	1640355019210
REQUEST		request_0	1640355015461	1640355019287	OK	 
USER	GetAllProductes	END	1640355019290
USER	GetAllProductes	START	1640355019300
USER	GetAllProductes	START	1640355019312
REQUEST		request_0	1640355015266	1640355019322	OK	 
USER	GetAllProductes	END	1640355019327
REQUEST		request_0	1640355015511	1640355019352	OK	 
REQUEST		request_0	1640355015361	1640355019359	OK	 
USER	GetAllProductes	START	1640355019365
USER	GetAllProductes	END	1640355019354
USER	GetAllProductes	END	1640355019362
USER	GetAllProductes	START	1640355019421
REQUEST		request_0	1640355015663	1640355019439	OK	 
USER	GetAllProductes	END	1640355019441
USER	GetAllProductes	START	1640355019462
USER	GetAllProductes	START	1640355019514
REQUEST		request_0	1640355015611	1640355019516	OK	 
USER	GetAllProductes	END	1640355019517
USER	GetAllProductes	START	1640355019564
REQUEST		request_0	1640355015561	1640355019568	OK	 
USER	GetAllProductes	END	1640355019569
USER	GetAllProductes	START	1640355019611
REQUEST		request_0	1640355015711	1640355019620	OK	 
USER	GetAllProductes	END	1640355019622
REQUEST		request_0	1640355015815	1640355019641	OK	 
USER	GetAllProductes	END	1640355019642
USER	GetAllProductes	START	1640355019663
USER	GetAllProductes	START	1640355019711
REQUEST		request_0	1640355015861	1640355019730	OK	 
USER	GetAllProductes	END	1640355019732
USER	GetAllProductes	START	1640355019761
REQUEST		request_0	1640355015981	1640355019799	OK	 
USER	GetAllProductes	END	1640355019800
USER	GetAllProductes	START	1640355019811
REQUEST		request_0	1640355016032	1640355019821	OK	 
USER	GetAllProductes	END	1640355019823
USER	GetAllProductes	START	1640355019861
REQUEST		request_0	1640355016082	1640355019903	OK	 
USER	GetAllProductes	END	1640355019910
USER	GetAllProductes	START	1640355019927
REQUEST		request_0	1640355015768	1640355019951	OK	 
USER	GetAllProductes	END	1640355019952
USER	GetAllProductes	START	1640355019961
USER	GetAllProductes	START	1640355020011
USER	GetAllProductes	START	1640355020061
USER	GetAllProductes	START	1640355020111
REQUEST		request_0	1640355016232	1640355020117	OK	 
USER	GetAllProductes	END	1640355020119
REQUEST		request_0	1640355016132	1640355020144	OK	 
USER	GetAllProductes	END	1640355020146
USER	GetAllProductes	START	1640355020160
REQUEST		request_0	1640355016282	1640355020181	OK	 
USER	GetAllProductes	END	1640355020182
USER	GetAllProductes	START	1640355020212
REQUEST		request_0	1640355015927	1640355020223	OK	 
USER	GetAllProductes	END	1640355020224
USER	GetAllProductes	START	1640355020261
USER	GetAllProductes	START	1640355020317
REQUEST		request_0	1640355016339	1640355020333	OK	 
USER	GetAllProductes	END	1640355020342
USER	GetAllProductes	START	1640355020361
USER	GetAllProductes	START	1640355020430
REQUEST		request_0	1640355016383	1640355020459	OK	 
USER	GetAllProductes	END	1640355020467
REQUEST		request_0	1640355016583	1640355020483	OK	 
USER	GetAllProductes	END	1640355020484
USER	GetAllProductes	START	1640355020472
USER	GetAllProductes	START	1640355020510
USER	GetAllProductes	START	1640355020569
USER	GetAllProductes	START	1640355020610
USER	GetAllProductes	START	1640355020664
USER	GetAllProductes	START	1640355020711
REQUEST		request_0	1640355016633	1640355020735	OK	 
USER	GetAllProductes	END	1640355020738
USER	GetAllProductes	START	1640355020764
REQUEST		request_0	1640355016483	1640355020767	OK	 
USER	GetAllProductes	END	1640355020768
REQUEST		request_0	1640355016433	1640355020773	OK	 
USER	GetAllProductes	END	1640355020774
REQUEST		request_0	1640355016181	1640355020779	OK	 
USER	GetAllProductes	END	1640355020780
REQUEST		request_0	1640355015414	1640355020782	OK	 
USER	GetAllProductes	END	1640355020783
USER	GetAllProductes	START	1640355020811
USER	GetAllProductes	START	1640355020861
USER	GetAllProductes	START	1640355020911
REQUEST		request_0	1640355016534	1640355020941	OK	 
USER	GetAllProductes	END	1640355020942
REQUEST		request_0	1640355016735	1640355020954	OK	 
USER	GetAllProductes	END	1640355020955
USER	GetAllProductes	START	1640355020959
REQUEST		request_0	1640355016861	1640355021005	OK	 
USER	GetAllProductes	END	1640355021007
USER	GetAllProductes	START	1640355021011
USER	GetAllProductes	START	1640355021061
USER	GetAllProductes	START	1640355021111
USER	GetAllProductes	START	1640355021161
REQUEST		request_0	1640355016783	1640355021201	OK	 
USER	GetAllProductes	END	1640355021202
USER	GetAllProductes	START	1640355021212
REQUEST		request_0	1640355016684	1640355021243	OK	 
USER	GetAllProductes	END	1640355021244
REQUEST		request_0	1640355016837	1640355021248	OK	 
USER	GetAllProductes	END	1640355021249
USER	GetAllProductes	START	1640355021261
REQUEST		request_0	1640355016961	1640355021274	OK	 
USER	GetAllProductes	END	1640355021276
REQUEST		request_0	1640355016939	1640355021289	OK	 
USER	GetAllProductes	END	1640355021290
USER	GetAllProductes	START	1640355021311
USER	GetAllProductes	START	1640355021365
REQUEST		request_0	1640355017065	1640355021368	OK	 
USER	GetAllProductes	END	1640355021370
USER	GetAllProductes	START	1640355021412
USER	GetAllProductes	START	1640355021461
REQUEST		request_0	1640355017017	1640355021514	OK	 
USER	GetAllProductes	START	1640355021513
USER	GetAllProductes	END	1640355021515
REQUEST		request_0	1640355017223	1640355021531	OK	 
USER	GetAllProductes	END	1640355021534
REQUEST		request_0	1640355017168	1640355021537	OK	 
USER	GetAllProductes	END	1640355021543
USER	GetAllProductes	START	1640355021562
USER	GetAllProductes	START	1640355021612
REQUEST		request_0	1640355017362	1640355021647	OK	 
USER	GetAllProductes	END	1640355021648
USER	GetAllProductes	START	1640355021662
USER	GetAllProductes	START	1640355021712
REQUEST		request_0	1640355017112	1640355021773	OK	 
USER	GetAllProductes	END	1640355021777
USER	GetAllProductes	START	1640355021788
USER	GetAllProductes	START	1640355021811
REQUEST		request_0	1640355017416	1640355021814	OK	 
USER	GetAllProductes	END	1640355021815
REQUEST		request_0	1640355017312	1640355021854	OK	 
USER	GetAllProductes	END	1640355021857
REQUEST		request_0	1640355017461	1640355021865	OK	 
USER	GetAllProductes	END	1640355021867
USER	GetAllProductes	START	1640355021865
USER	GetAllProductes	START	1640355021915
REQUEST		request_0	1640355017510	1640355021925	OK	 
USER	GetAllProductes	END	1640355021926
USER	GetAllProductes	START	1640355021961
REQUEST		request_0	1640355017276	1640355021999	OK	 
USER	GetAllProductes	END	1640355022000
USER	GetAllProductes	START	1640355022011
USER	GetAllProductes	START	1640355022060
REQUEST		request_0	1640355017611	1640355022101	OK	 
USER	GetAllProductes	END	1640355022102
USER	GetAllProductes	START	1640355022111
REQUEST		request_0	1640355017560	1640355022123	OK	 
USER	GetAllProductes	END	1640355022125
REQUEST		request_0	1640355017661	1640355022152	OK	 
USER	GetAllProductes	END	1640355022154
USER	GetAllProductes	START	1640355022161
USER	GetAllProductes	START	1640355022211
USER	GetAllProductes	START	1640355022260
REQUEST		request_0	1640355017765	1640355022279	OK	 
USER	GetAllProductes	END	1640355022280
USER	GetAllProductes	START	1640355022311
REQUEST		request_0	1640355017814	1640355022327	OK	 
USER	GetAllProductes	END	1640355022328
USER	GetAllProductes	START	1640355022361
REQUEST		request_0	1640355017913	1640355022386	OK	 
USER	GetAllProductes	END	1640355022387
USER	GetAllProductes	START	1640355022411
REQUEST		request_0	1640355017711	1640355022458	OK	 
USER	GetAllProductes	END	1640355022459
USER	GetAllProductes	START	1640355022460
REQUEST		request_0	1640355017966	1640355022510	OK	 
REQUEST		request_0	1640355018013	1640355022511	OK	 
USER	GetAllProductes	START	1640355022511
USER	GetAllProductes	END	1640355022511
USER	GetAllProductes	END	1640355022511
USER	GetAllProductes	START	1640355022561
USER	GetAllProductes	START	1640355022611
REQUEST		request_0	1640355017867	1640355022659	OK	 
USER	GetAllProductes	END	1640355022660
USER	GetAllProductes	START	1640355022660
REQUEST		request_0	1640355018078	1640355022688	OK	 
USER	GetAllProductes	END	1640355022689
REQUEST		request_0	1640355018142	1640355022696	OK	 
USER	GetAllProductes	END	1640355022698
REQUEST		request_0	1640355018162	1640355022700	OK	 
USER	GetAllProductes	END	1640355022701
USER	GetAllProductes	START	1640355022710
USER	GetAllProductes	START	1640355022761
REQUEST		request_0	1640355018368	1640355022762	OK	 
USER	GetAllProductes	END	1640355022763
REQUEST		request_0	1640355018412	1640355022792	OK	 
USER	GetAllProductes	END	1640355022793
USER	GetAllProductes	START	1640355022810
USER	GetAllProductes	START	1640355022860
USER	GetAllProductes	START	1640355022911
USER	GetAllProductes	START	1640355022960
REQUEST		request_0	1640355018461	1640355022981	OK	 
USER	GetAllProductes	END	1640355022982
REQUEST		request_0	1640355018566	1640355022999	OK	 
USER	GetAllProductes	END	1640355023000
USER	GetAllProductes	START	1640355023011
REQUEST		request_0	1640355018220	1640355023016	OK	 
USER	GetAllProductes	END	1640355023017
USER	GetAllProductes	START	1640355023060
USER	GetAllProductes	START	1640355023110
USER	GetAllProductes	START	1640355023160
REQUEST		request_0	1640355018512	1640355023179	OK	 
USER	GetAllProductes	END	1640355023180
USER	GetAllProductes	START	1640355023211
USER	GetAllProductes	START	1640355023260
USER	GetAllProductes	START	1640355023311
USER	GetAllProductes	START	1640355023360
REQUEST		request_0	1640355018310	1640355023402	OK	 
USER	GetAllProductes	END	1640355023404
USER	GetAllProductes	START	1640355023410
USER	GetAllProductes	START	1640355023460
USER	GetAllProductes	START	1640355023511
REQUEST		request_0	1640355018611	1640355023550	OK	 
USER	GetAllProductes	END	1640355023551
USER	GetAllProductes	START	1640355023566
REQUEST		request_0	1640355018767	1640355023581	OK	 
USER	GetAllProductes	END	1640355023583
REQUEST		request_0	1640355018317	1640355023601	OK	 
USER	GetAllProductes	END	1640355023607
USER	GetAllProductes	START	1640355023612
USER	GetAllProductes	START	1640355023661
USER	GetAllProductes	START	1640355023710
USER	GetAllProductes	START	1640355023760
REQUEST		request_0	1640355018711	1640355023775	OK	 
USER	GetAllProductes	END	1640355023775
USER	GetAllProductes	START	1640355023811
REQUEST		request_0	1640355018661	1640355023857	OK	 
REQUEST		request_0	1640355018865	1640355023858	OK	 
USER	GetAllProductes	END	1640355023858
USER	GetAllProductes	END	1640355023859
REQUEST		request_0	1640355018915	1640355023859	OK	 
REQUEST		request_0	1640355019017	1640355023860	OK	 
USER	GetAllProductes	END	1640355023860
USER	GetAllProductes	END	1640355023860
USER	GetAllProductes	START	1640355023861
USER	GetAllProductes	START	1640355023911
REQUEST		request_0	1640355019061	1640355023934	OK	 
USER	GetAllProductes	END	1640355023935
USER	GetAllProductes	START	1640355023960
REQUEST		request_0	1640355018811	1640355023968	OK	 
USER	GetAllProductes	END	1640355023970
USER	GetAllProductes	START	1640355024013
USER	GetAllProductes	START	1640355024061
USER	GetAllProductes	START	1640355024111
REQUEST		request_0	1640355019161	1640355024115	OK	 
USER	GetAllProductes	END	1640355024117
USER	GetAllProductes	START	1640355024161
REQUEST		request_0	1640355019111	1640355024212	OK	 
USER	GetAllProductes	END	1640355024215
USER	GetAllProductes	START	1640355024216
REQUEST		request_0	1640355019211	1640355024228	OK	 
USER	GetAllProductes	END	1640355024233
REQUEST		request_0	1640355019315	1640355024233	OK	 
USER	GetAllProductes	END	1640355024234
USER	GetAllProductes	START	1640355024261
USER	GetAllProductes	START	1640355024312
REQUEST		request_0	1640355018961	1640355024326	OK	 
USER	GetAllProductes	END	1640355024327
USER	GetAllProductes	START	1640355024361
REQUEST		request_0	1640355019466	1640355024406	OK	 
USER	GetAllProductes	END	1640355024407
USER	GetAllProductes	START	1640355024411
REQUEST		request_0	1640355019365	1640355024426	OK	 
USER	GetAllProductes	END	1640355024428
USER	GetAllProductes	START	1640355024461
REQUEST		request_0	1640355019301	1640355024466	OK	 
USER	GetAllProductes	END	1640355024467
USER	GetAllProductes	START	1640355024512
REQUEST		request_0	1640355019611	1640355024523	OK	 
USER	GetAllProductes	END	1640355024524
USER	GetAllProductes	START	1640355024561
USER	GetAllProductes	START	1640355024612
USER	GetAllProductes	START	1640355024661
REQUEST		request_0	1640355019514	1640355024673	OK	 
USER	GetAllProductes	END	1640355024674
REQUEST		request_0	1640355019565	1640355024698	OK	 
USER	GetAllProductes	END	1640355024700
REQUEST		request_0	1640355019422	1640355024709	OK	 
USER	GetAllProductes	END	1640355024710
USER	GetAllProductes	START	1640355024712
REQUEST		request_0	1640355019663	1640355024733	OK	 
USER	GetAllProductes	END	1640355024734
REQUEST		request_0	1640355019712	1640355024835	OK	 
USER	GetAllProductes	END	1640355024838
REQUEST		request_0	1640355019762	1640355024849	OK	 
USER	GetAllProductes	END	1640355024850
REQUEST		request_0	1640355019812	1640355025017	OK	 
USER	GetAllProductes	END	1640355025018
REQUEST		request_0	1640355019928	1640355025052	OK	 
USER	GetAllProductes	END	1640355025054
REQUEST		request_0	1640355020111	1640355025106	OK	 
USER	GetAllProductes	END	1640355025107
REQUEST		request_0	1640355019861	1640355025127	OK	 
USER	GetAllProductes	END	1640355025128
REQUEST		request_0	1640355019961	1640355025131	OK	 
USER	GetAllProductes	END	1640355025132
REQUEST		request_0	1640355020012	1640355025247	OK	 
USER	GetAllProductes	END	1640355025248
REQUEST		request_0	1640355020212	1640355025266	OK	 
USER	GetAllProductes	END	1640355025267
REQUEST		request_0	1640355020061	1640355025349	OK	 
USER	GetAllProductes	END	1640355025351
REQUEST		request_0	1640355020261	1640355025399	OK	 
USER	GetAllProductes	END	1640355025400
REQUEST		request_0	1640355020432	1640355025510	OK	 
USER	GetAllProductes	END	1640355025511
REQUEST		request_0	1640355020318	1640355025545	OK	 
USER	GetAllProductes	END	1640355025546
REQUEST		request_0	1640355020161	1640355025571	OK	 
USER	GetAllProductes	END	1640355025573
REQUEST		request_0	1640355020483	1640355025627	OK	 
USER	GetAllProductes	END	1640355025628
REQUEST		request_0	1640355020511	1640355025687	OK	 
USER	GetAllProductes	END	1640355025688
REQUEST		request_0	1640355020361	1640355025711	OK	 
USER	GetAllProductes	END	1640355025712
REQUEST		request_0	1640355020581	1640355025854	OK	 
USER	GetAllProductes	END	1640355025855
REQUEST		request_0	1640355020664	1640355025918	OK	 
USER	GetAllProductes	END	1640355025919
REQUEST		request_0	1640355020611	1640355025982	OK	 
USER	GetAllProductes	END	1640355025983
REQUEST		request_0	1640355020861	1640355025987	OK	 
USER	GetAllProductes	END	1640355025988
REQUEST		request_0	1640355020765	1640355026105	OK	 
USER	GetAllProductes	END	1640355026108
REQUEST		request_0	1640355020811	1640355026159	OK	 
USER	GetAllProductes	END	1640355026161
REQUEST		request_0	1640355020960	1640355026213	OK	 
USER	GetAllProductes	END	1640355026214
REQUEST		request_0	1640355020712	1640355026293	OK	 
USER	GetAllProductes	END	1640355026294
REQUEST		request_0	1640355020911	1640355026412	OK	 
USER	GetAllProductes	END	1640355026413
REQUEST		request_0	1640355021066	1640355026432	OK	 
USER	GetAllProductes	END	1640355026433
REQUEST		request_0	1640355021011	1640355026480	OK	 
USER	GetAllProductes	END	1640355026481
REQUEST		request_0	1640355021161	1640355026507	OK	 
USER	GetAllProductes	END	1640355026508
REQUEST		request_0	1640355021111	1640355026557	OK	 
USER	GetAllProductes	END	1640355026558
REQUEST		request_0	1640355021212	1640355026575	OK	 
USER	GetAllProductes	END	1640355026576
REQUEST		request_0	1640355021261	1640355026693	OK	 
USER	GetAllProductes	END	1640355026694
REQUEST		request_0	1640355021412	1640355026798	OK	 
USER	GetAllProductes	END	1640355026799
REQUEST		request_0	1640355021461	1640355026821	OK	 
USER	GetAllProductes	END	1640355026823
REQUEST		request_0	1640355021311	1640355026836	OK	 
USER	GetAllProductes	END	1640355026837
REQUEST		request_0	1640355021513	1640355026888	OK	 
USER	GetAllProductes	END	1640355026889
REQUEST		request_0	1640355021367	1640355026979	OK	 
USER	GetAllProductes	END	1640355026981
REQUEST		request_0	1640355021612	1640355026988	OK	 
USER	GetAllProductes	END	1640355026989
REQUEST		request_0	1640355021663	1640355027098	OK	 
USER	GetAllProductes	END	1640355027100
REQUEST		request_0	1640355021564	1640355027110	OK	 
USER	GetAllProductes	END	1640355027111
REQUEST		request_0	1640355021811	1640355027172	OK	 
USER	GetAllProductes	END	1640355027173
REQUEST		request_0	1640355021712	1640355027271	OK	 
USER	GetAllProductes	END	1640355027272
REQUEST		request_0	1640355021961	1640355027386	OK	 
USER	GetAllProductes	END	1640355027388
REQUEST		request_0	1640355022011	1640355027405	OK	 
USER	GetAllProductes	END	1640355027407
REQUEST		request_0	1640355021789	1640355027416	OK	 
USER	GetAllProductes	END	1640355027417
REQUEST		request_0	1640355021915	1640355027452	OK	 
USER	GetAllProductes	END	1640355027454
REQUEST		request_0	1640355022111	1640355027525	OK	 
USER	GetAllProductes	END	1640355027526
REQUEST		request_0	1640355021866	1640355027583	OK	 
USER	GetAllProductes	END	1640355027583
REQUEST		request_0	1640355022260	1640355027689	OK	 
USER	GetAllProductes	END	1640355027690
REQUEST		request_0	1640355022211	1640355027695	OK	 
USER	GetAllProductes	END	1640355027697
REQUEST		request_0	1640355022060	1640355027765	OK	 
USER	GetAllProductes	END	1640355027766
REQUEST		request_0	1640355022161	1640355027815	OK	 
USER	GetAllProductes	END	1640355027816
REQUEST		request_0	1640355022411	1640355027850	OK	 
USER	GetAllProductes	END	1640355027850
REQUEST		request_0	1640355022361	1640355027994	OK	 
USER	GetAllProductes	END	1640355027995
REQUEST		request_0	1640355022312	1640355028017	OK	 
USER	GetAllProductes	END	1640355028018
REQUEST		request_0	1640355022461	1640355028039	OK	 
USER	GetAllProductes	END	1640355028040
REQUEST		request_0	1640355022511	1640355028122	OK	 
USER	GetAllProductes	END	1640355028123
REQUEST		request_0	1640355022561	1640355028165	OK	 
USER	GetAllProductes	END	1640355028166
REQUEST		request_0	1640355022611	1640355028289	OK	 
USER	GetAllProductes	END	1640355028290
REQUEST		request_0	1640355022660	1640355028439	OK	 
USER	GetAllProductes	END	1640355028440
REQUEST		request_0	1640355022761	1640355028542	OK	 
USER	GetAllProductes	END	1640355028543
REQUEST		request_0	1640355022810	1640355028648	OK	 
USER	GetAllProductes	END	1640355028649
REQUEST		request_0	1640355022710	1640355028657	OK	 
USER	GetAllProductes	END	1640355028657
REQUEST		request_0	1640355022960	1640355028734	OK	 
USER	GetAllProductes	END	1640355028735
REQUEST		request_0	1640355022861	1640355028835	OK	 
USER	GetAllProductes	END	1640355028837
REQUEST		request_0	1640355023011	1640355028865	OK	 
USER	GetAllProductes	END	1640355028866
REQUEST		request_0	1640355023160	1640355028946	OK	 
USER	GetAllProductes	END	1640355028947
REQUEST		request_0	1640355023060	1640355028975	OK	 
USER	GetAllProductes	END	1640355028976
REQUEST		request_0	1640355022911	1640355029098	OK	 
USER	GetAllProductes	END	1640355029099
REQUEST		request_0	1640355023211	1640355029113	OK	 
USER	GetAllProductes	END	1640355029114
REQUEST		request_0	1640355023260	1640355029127	OK	 
USER	GetAllProductes	END	1640355029127
REQUEST		request_0	1640355023110	1640355029214	OK	 
USER	GetAllProductes	END	1640355029215
REQUEST		request_0	1640355023311	1640355029230	OK	 
USER	GetAllProductes	END	1640355029231
REQUEST		request_0	1640355023360	1640355029324	OK	 
USER	GetAllProductes	END	1640355029325
REQUEST		request_0	1640355023512	1640355029396	OK	 
USER	GetAllProductes	END	1640355029397
REQUEST		request_0	1640355023566	1640355029510	OK	 
USER	GetAllProductes	END	1640355029511
REQUEST		request_0	1640355023461	1640355029541	OK	 
USER	GetAllProductes	END	1640355029542
REQUEST		request_0	1640355023410	1640355029608	OK	 
USER	GetAllProductes	END	1640355029609
REQUEST		request_0	1640355023613	1640355029619	OK	 
USER	GetAllProductes	END	1640355029620
REQUEST		request_0	1640355023661	1640355029703	OK	 
USER	GetAllProductes	END	1640355029705
REQUEST		request_0	1640355023710	1640355029737	OK	 
USER	GetAllProductes	END	1640355029739
REQUEST		request_0	1640355023960	1640355029826	OK	 
REQUEST		request_0	1640355023863	1640355029826	OK	 
USER	GetAllProductes	END	1640355029827
USER	GetAllProductes	END	1640355029827
REQUEST		request_0	1640355023911	1640355030083	OK	 
USER	GetAllProductes	END	1640355030084
REQUEST		request_0	1640355024065	1640355030165	OK	 
USER	GetAllProductes	END	1640355030166
REQUEST		request_0	1640355023811	1640355030236	OK	 
REQUEST		request_0	1640355023760	1640355030236	OK	 
REQUEST		request_0	1640355024111	1640355030237	OK	 
USER	GetAllProductes	END	1640355030237
USER	GetAllProductes	END	1640355030237
USER	GetAllProductes	END	1640355030237
REQUEST		request_0	1640355024015	1640355030289	OK	 
USER	GetAllProductes	END	1640355030290
REQUEST		request_0	1640355024263	1640355030300	OK	 
USER	GetAllProductes	END	1640355030302
REQUEST		request_0	1640355024412	1640355030371	OK	 
USER	GetAllProductes	END	1640355030373
REQUEST		request_0	1640355024216	1640355030403	OK	 
USER	GetAllProductes	END	1640355030404
REQUEST		request_0	1640355024361	1640355030523	OK	 
USER	GetAllProductes	END	1640355030524
REQUEST		request_0	1640355024164	1640355030556	OK	 
USER	GetAllProductes	END	1640355030557
REQUEST		request_0	1640355024312	1640355030632	OK	 
USER	GetAllProductes	END	1640355030633
REQUEST		request_0	1640355024461	1640355030672	OK	 
USER	GetAllProductes	END	1640355030672
REQUEST		request_0	1640355024662	1640355030683	OK	 
USER	GetAllProductes	END	1640355030684
REQUEST		request_0	1640355024512	1640355030797	OK	 
USER	GetAllProductes	END	1640355030798
REQUEST		request_0	1640355024561	1640355030836	OK	 
USER	GetAllProductes	END	1640355030837
REQUEST		request_0	1640355024612	1640355030902	OK	 
USER	GetAllProductes	END	1640355030902
REQUEST		request_0	1640355024712	1640355030949	OK	 
USER	GetAllProductes	END	1640355030949
